[05:27:46] [main/INFO] (FabricLoader/GameProvider) Loading Minecraft 1.21.1 with Fabric Loader 0.16.10
[05:27:47] [main/INFO] (FabricLoader) Loading 57 mods:
	- architectury 13.0.8
	- fabric-api 0.115.0+1.21.1
	- fabric-api-base 0.4.42+6573ed8c19
	- fabric-api-lookup-api-v1 1.6.70+b559734419
	- fabric-biome-api-v1 13.0.31+d527f9fd19
	- fabric-block-api-v1 1.0.22+0af3f5a719
	- fabric-block-view-api-v2 1.0.10+6573ed8c19
	- fabric-blockrenderlayer-v1 1.1.52+0af3f5a719
	- fabric-client-tags-api-v1 1.1.15+6573ed8c19
	- fabric-command-api-v1 1.2.49+f71b366f19
	- fabric-command-api-v2 2.2.28+6ced4dd919
	- fabric-commands-v0 0.2.66+df3654b319
	- fabric-content-registries-v0 8.0.18+b559734419
	- fabric-convention-tags-v1 2.1.2+7f945d5b19
	- fabric-convention-tags-v2 2.9.2+e60e56d419
	- fabric-crash-report-info-v1 0.2.29+0af3f5a719
	- fabric-data-attachment-api-v1 1.4.1+9ed317f519
	- fabric-data-generation-api-v1 20.2.25+16c4ae2519
	- fabric-dimensions-v1 4.0.0+6fc22b9919
	- fabric-entity-events-v1 1.7.0+2122d82819
	- fabric-events-interaction-v0 0.7.13+ba9dae0619
	- fabric-game-rule-api-v1 1.0.53+6ced4dd919
	- fabric-gametest-api-v1 2.0.5+6fc22b9919
	- fabric-item-api-v1 11.1.1+d5debaed19
	- fabric-item-group-api-v1 4.1.6+6823f7cd19
	- fabric-key-binding-api-v1 1.0.47+0af3f5a719
	- fabric-keybindings-v0 0.2.45+df3654b319
	- fabric-lifecycle-events-v1 2.5.0+01d9a51c19
	- fabric-loot-api-v2 3.0.15+3f89f5a519
	- fabric-loot-api-v3 1.0.3+3f89f5a519
	- fabric-message-api-v1 6.0.13+6573ed8c19
	- fabric-model-loading-api-v1 2.0.0+fe474d6b19
	- fabric-networking-api-v1 4.3.0+c7469b2119
	- fabric-object-builder-api-v1 15.2.1+40875a9319
	- fabric-particles-v1 4.0.2+6573ed8c19
	- fabric-recipe-api-v1 5.0.14+248df81c19
	- fabric-registry-sync-v0 5.2.0+34f5d91419
	- fabric-renderer-api-v1 3.4.0+c705a49c19
	- fabric-renderer-indigo 1.7.0+c705a49c19
	- fabric-renderer-registries-v1 3.2.68+df3654b319
	- fabric-rendering-data-attachment-v1 0.3.48+73761d2e19
	- fabric-rendering-fluids-v1 3.1.6+1daea21519
	- fabric-rendering-v0 1.1.71+df3654b319
	- fabric-rendering-v1 5.0.5+df16efd019
	- fabric-resource-conditions-api-v1 4.3.0+8dc279b119
	- fabric-resource-loader-v0 1.3.1+5b5275af19
	- fabric-screen-api-v1 2.0.25+8b68f1c719
	- fabric-screen-handler-api-v1 1.3.88+b559734419
	- fabric-sound-api-v1 1.0.23+6573ed8c19
	- fabric-transfer-api-v1 5.4.2+c24bd99419
	- fabric-transitive-access-wideners-v1 6.2.0+45b9699719
	- fabricloader 0.16.10
	- furnies 1.0
	- generated_a1f0eae 1.0.0
	- java 21
	- minecraft 1.21.1
	- mixinextras 0.4.1
[05:27:47] [main/INFO] (FabricLoader/Mixin) SpongePowered MIXIN Subsystem Version=0.8.7 Source=file:/C:/Users/giflu/.gradle/caches/modules-2/files-2.1/net.fabricmc/sponge-mixin/0.15.4+mixin.0.8.7/6a12aacc794f1078458433116e9ed42c1cc98096/sponge-mixin-0.15.4+mixin.0.8.7.jar Service=Knot/Fabric Env=CLIENT
[05:27:47] [main/INFO] (FabricLoader/Mixin) Loaded Fabric development mappings for mixin remapper!
[05:27:47] [main/INFO] (FabricLoader/Mixin) Compatibility level set to JAVA_17
[05:27:47] [main/INFO] (FabricLoader/Mixin) Compatibility level set to JAVA_21
[05:27:49] [main/INFO] (FabricLoader/MixinExtras|Service) Initializing MixinExtras via com.llamalad7.mixinextras.service.MixinExtrasServiceImpl(version=0.4.1).
[05:27:50] [Datafixer Bootstrap/INFO] (Minecraft) 226 Datafixer optimizations took 580 milliseconds
[05:27:57] [Render thread/INFO] (Minecraft) Environment: Environment[sessionHost=https://sessionserver.mojang.com, servicesHost=https://api.minecraftservices.com, name=PROD]
[05:27:57] [Render thread/INFO] (Minecraft) Setting user: Player459
[05:27:58] [Render thread/INFO] (NetworkManagerImpl) Registering C2S receiver with id funnies:craft_recipe
[05:27:58] [Render thread/INFO] (NetworkManagerImpl) Registering S2C receiver with id furnies:craftable_recipes_sync
[05:27:58] [Render thread/INFO] (Indigo) [Indigo] Registering Indigo renderer!
[05:27:58] [Render thread/INFO] (NetworkManagerImpl) Registering S2C receiver with id architectury:spawn_entity_packet
[05:27:58] [Render thread/INFO] (Minecraft) Backend library: LWJGL version 3.3.3-snapshot
[05:28:00] [Render thread/INFO] (Minecraft) Reloading ResourceManager: vanilla, fabric, fabric-api, fabric-api-base, fabric-api-lookup-api-v1, fabric-biome-api-v1, fabric-block-api-v1, fabric-block-view-api-v2, fabric-blockrenderlayer-v1, fabric-client-tags-api-v1, fabric-command-api-v1, fabric-command-api-v2, fabric-commands-v0, fabric-content-registries-v0, fabric-convention-tags-v1, fabric-convention-tags-v2, fabric-crash-report-info-v1, fabric-data-attachment-api-v1, fabric-data-generation-api-v1, fabric-dimensions-v1, fabric-entity-events-v1, fabric-events-interaction-v0, fabric-game-rule-api-v1, fabric-gametest-api-v1, fabric-item-api-v1, fabric-item-group-api-v1, fabric-key-binding-api-v1, fabric-keybindings-v0, fabric-lifecycle-events-v1, fabric-loot-api-v2, fabric-loot-api-v3, fabric-message-api-v1, fabric-model-loading-api-v1, fabric-networking-api-v1, fabric-object-builder-api-v1, fabric-particles-v1, fabric-recipe-api-v1, fabric-registry-sync-v0, fabric-renderer-api-v1, fabric-renderer-indigo, fabric-renderer-registries-v1, fabric-rendering-data-attachment-v1, fabric-rendering-fluids-v1, fabric-rendering-v0, fabric-rendering-v1, fabric-resource-conditions-api-v1, fabric-resource-loader-v0, fabric-screen-api-v1, fabric-screen-handler-api-v1, fabric-sound-api-v1, fabric-transfer-api-v1, fabric-transitive-access-wideners-v1, fabricloader, generated_a1f0eae
[05:28:00] [Worker-Main-10/INFO] (Minecraft) Found unifont_all_no_pua-15.1.05.hex, loading
[05:28:00] [Worker-Main-1/INFO] (Minecraft) Found unifont_jp_patch-15.1.05.hex, loading
[05:28:02] [Render thread/WARN] (Minecraft) Missing sound for event: minecraft:item.goat_horn.play
[05:28:02] [Render thread/WARN] (Minecraft) Missing sound for event: minecraft:entity.goat.screaming.horn_break
[05:28:02] [Render thread/INFO] (Minecraft) OpenAL initialized on device OpenAL Soft on Speakers (Realtek(R) Audio)
[05:28:02] [Render thread/INFO] (Minecraft) Sound engine started
[05:28:02] [Render thread/INFO] (Minecraft) Created: 2048x1024x4 minecraft:textures/atlas/blocks.png-atlas
[05:28:02] [Render thread/INFO] (Minecraft) Created: 256x256x4 minecraft:textures/atlas/signs.png-atlas
[05:28:02] [Render thread/INFO] (Minecraft) Created: 512x512x4 minecraft:textures/atlas/shield_patterns.png-atlas
[05:28:02] [Render thread/INFO] (Minecraft) Created: 512x512x4 minecraft:textures/atlas/banner_patterns.png-atlas
[05:28:02] [Render thread/INFO] (Minecraft) Created: 1024x1024x4 minecraft:textures/atlas/armor_trims.png-atlas
[05:28:02] [Render thread/INFO] (Minecraft) Created: 128x64x4 minecraft:textures/atlas/decorated_pot.png-atlas
[05:28:02] [Render thread/INFO] (Minecraft) Created: 256x256x4 minecraft:textures/atlas/chest.png-atlas
[05:28:02] [Render thread/INFO] (Minecraft) Created: 512x256x4 minecraft:textures/atlas/shulker_boxes.png-atlas
[05:28:02] [Render thread/INFO] (Minecraft) Created: 512x256x4 minecraft:textures/atlas/beds.png-atlas
[05:28:02] [Render thread/INFO] (Minecraft) Created: 512x256x0 minecraft:textures/atlas/particles.png-atlas
[05:28:02] [Render thread/INFO] (Minecraft) Created: 512x256x0 minecraft:textures/atlas/paintings.png-atlas
[05:28:02] [Render thread/INFO] (Minecraft) Created: 256x128x0 minecraft:textures/atlas/mob_effects.png-atlas
[05:28:02] [Render thread/INFO] (Minecraft) Created: 64x64x0 minecraft:textures/atlas/map_decorations.png-atlas
[05:28:02] [Render thread/INFO] (Minecraft) Created: 1024x512x0 minecraft:textures/atlas/gui.png-atlas
[05:28:02] [Render thread/WARN] (Minecraft) Shader rendertype_entity_translucent_emissive could not find sampler named Sampler2 in the specified shader program.
[05:28:30] [Render thread/WARN] (Minecraft) Missing data pack generated_f574e63
[05:28:30] [Render thread/INFO] (Minecraft) Found new data pack generated_a1f0eae, loading it automatically
[05:28:31] [Render thread/INFO] (Minecraft) Loaded 1500 recipes
[05:28:32] [Render thread/INFO] (Minecraft) Loaded 1399 advancements
[05:28:33] [Render thread/INFO] (BiomeModificationImpl) Applied 0 biome modifications to 0 of 64 new biomes in 1.654 ms
[05:28:33] [Server thread/INFO] (Minecraft) Starting integrated minecraft server version 1.21.1
[05:28:33] [Server thread/INFO] (Minecraft) Generating keypair
[05:28:33] [Server thread/INFO] (Minecraft) Preparing start region for dimension minecraft:overworld
[05:28:33] [Render thread/INFO] (Minecraft) Preparing spawn area: 0%
[05:28:33] [Render thread/INFO] (Minecraft) Time elapsed: 381 ms
[05:28:34] [Server thread/WARN] (TranslationConventionLogWarnings) 
	Dev warning - Untranslated Item Tags detected. Please translate your item tags so other mods such as recipe viewers can properly display your tag's name.
	The format desired is tag.item.<namespace>.<path> for the translation key with slashes in path turned into periods.
	To disable this message, set this system property in your runs: `-Dfabric-tag-conventions-v2.missingTagTranslationWarning=SILENCED`.
	To see individual untranslated item tags found, set the system property to `-Dfabric-tag-conventions-v2.missingTagTranslationWarning=VERBOSE`.
	Default is `SHORT`.

[05:28:34] [Server thread/INFO] (Minecraft) Changing view distance to 12, from 10
[05:28:34] [Server thread/INFO] (Minecraft) Changing simulation distance to 12, from 0
[05:28:34] [Server thread/INFO] (Minecraft) Player459[local:E:65aaa407] logged in with entity id 5 at (15.699999988079071, -60.0, 8.4213878178718)
[05:28:34] [Server thread/INFO] (Minecraft) Player459 joined the game
[05:28:35] [Render thread/INFO] (Minecraft) Loaded 3 advancements
[05:28:36] [Server thread/INFO] (Minecraft) Saving and pausing game...
[05:28:36] [Server thread/INFO] (Minecraft) Saving chunks for level 'ServerLevel[New World]'/minecraft:overworld
[05:28:36] [Server thread/INFO] (Minecraft) Saving chunks for level 'ServerLevel[New World]'/minecraft:the_nether
[05:28:36] [Server thread/INFO] (Minecraft) Saving chunks for level 'ServerLevel[New World]'/minecraft:the_end
[05:28:39] [Server thread/INFO] (Minecraft) Saving and pausing game...
[05:28:39] [Server thread/INFO] (Minecraft) Saving chunks for level 'ServerLevel[New World]'/minecraft:overworld
[05:28:39] [Server thread/INFO] (Minecraft) Saving chunks for level 'ServerLevel[New World]'/minecraft:the_nether
[05:28:39] [Server thread/INFO] (Minecraft) Saving chunks for level 'ServerLevel[New World]'/minecraft:the_end
[05:28:53] [Server thread/INFO] (Minecraft) [Player459: Set own game mode to Survival Mode]
[05:28:53] [Render thread/INFO] (Minecraft) [System] [CHAT] Set own game mode to Survival Mode
[05:29:38] [Server thread/INFO] (Minecraft) [Player459: Set own game mode to Creative Mode]
[05:29:38] [Render thread/INFO] (Minecraft) [System] [CHAT] Set own game mode to Creative Mode
[05:31:42] [Render thread/INFO] (Minecraft) Stopping!
[05:31:42] [Server thread/INFO] (Minecraft) Player459 lost connection: Disconnected
[05:31:42] [Server thread/INFO] (Minecraft) Player459 left the game
[05:31:42] [Server thread/INFO] (Minecraft) Stopping singleplayer server as player logged out
[05:31:42] [Server thread/INFO] (Minecraft) Stopping server
[05:31:42] [Server thread/INFO] (Minecraft) Saving players
[05:31:42] [Server thread/INFO] (Minecraft) Saving worlds
[05:31:42] [Server thread/INFO] (Minecraft) Saving chunks for level 'ServerLevel[New World]'/minecraft:overworld
[05:31:42] [Server thread/INFO] (Minecraft) Saving chunks for level 'ServerLevel[New World]'/minecraft:the_nether
[05:31:42] [Server thread/INFO] (Minecraft) Saving chunks for level 'ServerLevel[New World]'/minecraft:the_end
[05:31:42] [Server thread/INFO] (Minecraft) ThreadedAnvilChunkStorage (New World): All chunks are saved
[05:31:42] [Server thread/INFO] (Minecraft) ThreadedAnvilChunkStorage (DIM-1): All chunks are saved
[05:31:42] [Server thread/INFO] (Minecraft) ThreadedAnvilChunkStorage (DIM1): All chunks are saved
[05:31:42] [Server thread/INFO] (Minecraft) ThreadedAnvilChunkStorage: All dimensions are saved
