[Architectury Transformer] Architectury Runtime 5.2.87
[Architectury Transformer DEBUG] Closed File Systems for C:\Arquives\DEV\Furnies\common\build\devlibs\Furnies-common-0.2-dev.jar
[Architectury Transformer DEBUG] Preparing tiny remapper prepared transformer: dev.architectury.transformer.handler.TinyRemapperPreparedTransformerHandler
[Architectury Transformer DEBUG] Provided 110 classpath jar(s):
[Architectury Transformer DEBUG]  - C:\Users\giflu\.gradle\caches\modules-2\files-2.1\dev.architectury\architectury-injectables\1.0.10\62db2a366d662606d1b23ad02ccc3212ed37ec3\architectury-injectables-1.0.10.jar
[Architectury Transformer DEBUG]  - C:\Users\giflu\.gradle\caches\modules-2\files-2.1\net.fabricmc\fabric-loader\0.16.10\dbd932c2a3641d2c41cf9abfe47e140a5753fa86\fabric-loader-0.16.10.jar
[Architectury Transformer DEBUG]  - C:\Users\giflu\.gradle\caches\modules-2\files-2.1\org.jetbrains\annotations\25.0.0\c1e6b966db352094ac3bf7f88f3bdef332fe43f0\annotations-25.0.0.jar
[Architectury Transformer DEBUG]  - C:\Users\giflu\.gradle\caches\modules-2\files-2.1\org.ow2.asm\asm\9.7.1\f0ed132a49244b042cd0e15702ab9f2ce3cc8436\asm-9.7.1.jar
[Architectury Transformer DEBUG]  - C:\Users\giflu\.gradle\caches\modules-2\files-2.1\org.ow2.asm\asm-analysis\9.7.1\f97a3b319f0ed6a8cd944dc79060d3912a28985f\asm-analysis-9.7.1.jar
[Architectury Transformer DEBUG]  - C:\Users\giflu\.gradle\caches\modules-2\files-2.1\org.ow2.asm\asm-commons\9.7.1\406c6a2225cfe1819f102a161e54cc16a5c24f75\asm-commons-9.7.1.jar
[Architectury Transformer DEBUG]  - C:\Users\giflu\.gradle\caches\modules-2\files-2.1\org.ow2.asm\asm-tree\9.7.1\3a53139787663b139de76b627fca0084ab60d32c\asm-tree-9.7.1.jar
[Architectury Transformer DEBUG]  - C:\Users\giflu\.gradle\caches\modules-2\files-2.1\org.ow2.asm\asm-util\9.7.1\9e23359b598ec6b74b23e53110dd5c577adf2243\asm-util-9.7.1.jar
[Architectury Transformer DEBUG]  - C:\Users\giflu\.gradle\caches\modules-2\files-2.1\net.fabricmc\sponge-mixin\0.15.4+mixin.0.8.7\6a12aacc794f1078458433116e9ed42c1cc98096\sponge-mixin-0.15.4+mixin.0.8.7.jar
[Architectury Transformer DEBUG]  - C:\Users\giflu\.gradle\caches\modules-2\files-2.1\io.github.llamalad7\mixinextras-fabric\0.4.1\8d1a9e96afb990367fa1f904d17580d164da72e3\mixinextras-fabric-0.4.1.jar
[Architectury Transformer DEBUG]  - C:\Users\giflu\.gradle\caches\modules-2\files-2.1\com.github.oshi\oshi-core\6.4.10\b1d8ab82d11d92fd639b56d639f8f46f739dd5fa\oshi-core-6.4.10.jar
[Architectury Transformer DEBUG]  - C:\Users\giflu\.gradle\caches\modules-2\files-2.1\com.google.code.gson\gson\2.10.1\b3add478d4382b78ea20b1671390a858002feb6c\gson-2.10.1.jar
[Architectury Transformer DEBUG]  - C:\Users\giflu\.gradle\caches\modules-2\files-2.1\com.google.guava\failureaccess\1.0.1\1dcf1de382a0bf95a3d8b0849546c88bac1292c9\failureaccess-1.0.1.jar
[Architectury Transformer DEBUG]  - C:\Users\giflu\.gradle\caches\modules-2\files-2.1\com.google.guava\guava\32.1.2-jre\5e64ec7e056456bef3a4bc4c6fdaef71e8ab6318\guava-32.1.2-jre.jar
[Architectury Transformer DEBUG]  - C:\Users\giflu\.gradle\caches\modules-2\files-2.1\com.ibm.icu\icu4j\73.2\61ad4ef7f9131fcf6d25c34b817f90d6da06c9e9\icu4j-73.2.jar
[Architectury Transformer DEBUG]  - C:\Users\giflu\.gradle\caches\modules-2\files-2.1\com.mojang\authlib\6.0.54\de8bc95660e1b2fe8793fd427a7a10dcec5b3ea7\authlib-6.0.54.jar
[Architectury Transformer DEBUG]  - C:\Users\giflu\.gradle\caches\modules-2\files-2.1\com.mojang\blocklist\1.0.10\5c685c5ffa94c4cd39496c7184c1d122e515ecef\blocklist-1.0.10.jar
[Architectury Transformer DEBUG]  - C:\Users\giflu\.gradle\caches\modules-2\files-2.1\com.mojang\brigadier\1.3.10\d15b53a14cf20fdcaa98f731af5dda654452c010\brigadier-1.3.10.jar
[Architectury Transformer DEBUG]  - C:\Users\giflu\.gradle\caches\modules-2\files-2.1\com.mojang\datafixerupper\8.0.16\67d4de6d7f95d89bcf5862995fb854ebaec02a34\datafixerupper-8.0.16.jar
[Architectury Transformer DEBUG]  - C:\Users\giflu\.gradle\caches\modules-2\files-2.1\com.mojang\logging\1.2.7\24cb95ffb0e3433fd6e844c04e68009e504ca1c0\logging-1.2.7.jar
[Architectury Transformer DEBUG]  - C:\Users\giflu\.gradle\caches\modules-2\files-2.1\com.mojang\patchy\2.2.10\da05971b07cbb379d002cf7eaec6a2048211fefc\patchy-2.2.10.jar
[Architectury Transformer DEBUG]  - C:\Users\giflu\.gradle\caches\modules-2\files-2.1\com.mojang\text2speech\1.17.9\3cad216e3a7f0c19b4b394388bc9ffc446f13b14\text2speech-1.17.9.jar
[Architectury Transformer DEBUG]  - C:\Users\giflu\.gradle\caches\modules-2\files-2.1\commons-codec\commons-codec\1.16.0\4e3eb3d79888d76b54e28b350915b5dc3919c9de\commons-codec-1.16.0.jar
[Architectury Transformer DEBUG]  - C:\Users\giflu\.gradle\caches\modules-2\files-2.1\commons-io\commons-io\2.15.1\f11560da189ab563a5c8e351941415430e9304ea\commons-io-2.15.1.jar
[Architectury Transformer DEBUG]  - C:\Users\giflu\.gradle\caches\modules-2\files-2.1\commons-logging\commons-logging\1.2\4bfc12adfe4842bf07b657f0369c4cb522955686\commons-logging-1.2.jar
[Architectury Transformer DEBUG]  - C:\Users\giflu\.gradle\caches\modules-2\files-2.1\io.netty\netty-buffer\4.1.97.Final\f8f3d8644afa5e6e1a40a3a6aeb9d9aa970ecb4f\netty-buffer-4.1.97.Final.jar
[Architectury Transformer DEBUG]  - C:\Users\giflu\.gradle\caches\modules-2\files-2.1\io.netty\netty-codec\4.1.97.Final\384ba4d75670befbedb45c4d3b497a93639c206d\netty-codec-4.1.97.Final.jar
[Architectury Transformer DEBUG]  - C:\Users\giflu\.gradle\caches\modules-2\files-2.1\io.netty\netty-common\4.1.97.Final\7cceacaf11df8dc63f23d0fb58e9d4640fc88404\netty-common-4.1.97.Final.jar
[Architectury Transformer DEBUG]  - C:\Users\giflu\.gradle\caches\modules-2\files-2.1\io.netty\netty-handler\4.1.97.Final\abb86c6906bf512bf2b797a41cd7d2e8d3cd7c36\netty-handler-4.1.97.Final.jar
[Architectury Transformer DEBUG]  - C:\Users\giflu\.gradle\caches\modules-2\files-2.1\io.netty\netty-resolver\4.1.97.Final\cec8348108dc76c47cf87c669d514be52c922144\netty-resolver-4.1.97.Final.jar
[Architectury Transformer DEBUG]  - C:\Users\giflu\.gradle\caches\modules-2\files-2.1\io.netty\netty-transport-classes-epoll\4.1.97.Final\795da37ded759e862457a82d9d92c4d39ce8ecee\netty-transport-classes-epoll-4.1.97.Final.jar
[Architectury Transformer DEBUG]  - C:\Users\giflu\.gradle\caches\modules-2\files-2.1\io.netty\netty-transport-native-unix-common\4.1.97.Final\d469d84265ab70095b01b40886cabdd433b6e664\netty-transport-native-unix-common-4.1.97.Final.jar
[Architectury Transformer DEBUG]  - C:\Users\giflu\.gradle\caches\modules-2\files-2.1\io.netty\netty-transport\4.1.97.Final\f37380d23c9bb079bc702910833b2fd532c9abd0\netty-transport-4.1.97.Final.jar
[Architectury Transformer DEBUG]  - C:\Users\giflu\.gradle\caches\modules-2\files-2.1\it.unimi.dsi\fastutil\8.5.12\c24946d46824bd528054bface3231d2ecb7e95e8\fastutil-8.5.12.jar
[Architectury Transformer DEBUG]  - C:\Users\giflu\.gradle\caches\modules-2\files-2.1\net.java.dev.jna\jna-platform\5.14.0\28934d48aed814f11e4c584da55c49fa7032b31b\jna-platform-5.14.0.jar
[Architectury Transformer DEBUG]  - C:\Users\giflu\.gradle\caches\modules-2\files-2.1\net.java.dev.jna\jna\5.14.0\67bf3eaea4f0718cb376a181a629e5f88fa1c9dd\jna-5.14.0.jar
[Architectury Transformer DEBUG]  - C:\Users\giflu\.gradle\caches\modules-2\files-2.1\net.sf.jopt-simple\jopt-simple\5.0.4\4fdac2fbe92dfad86aa6e9301736f6b4342a3f5c\jopt-simple-5.0.4.jar
[Architectury Transformer DEBUG]  - C:\Users\giflu\.gradle\caches\modules-2\files-2.1\org.apache.commons\commons-compress\1.26.0\659feffdd12280201c8aacb8f7be94f9a883c824\commons-compress-1.26.0.jar
[Architectury Transformer DEBUG]  - C:\Users\giflu\.gradle\caches\modules-2\files-2.1\org.apache.commons\commons-lang3\3.14.0\1ed471194b02f2c6cb734a0cd6f6f107c673afae\commons-lang3-3.14.0.jar
[Architectury Transformer DEBUG]  - C:\Users\giflu\.gradle\caches\modules-2\files-2.1\org.apache.httpcomponents\httpclient\4.5.13\e5f6cae5ca7ecaac1ec2827a9e2d65ae2869cada\httpclient-4.5.13.jar
[Architectury Transformer DEBUG]  - C:\Users\giflu\.gradle\caches\modules-2\files-2.1\org.apache.httpcomponents\httpcore\4.4.16\51cf043c87253c9f58b539c9f7e44c8894223850\httpcore-4.4.16.jar
[Architectury Transformer DEBUG]  - C:\Users\giflu\.gradle\caches\modules-2\files-2.1\org.apache.logging.log4j\log4j-api\2.22.1\bea6fede6328fabafd7e68363161a7ea6605abd1\log4j-api-2.22.1.jar
[Architectury Transformer DEBUG]  - C:\Users\giflu\.gradle\caches\modules-2\files-2.1\org.apache.logging.log4j\log4j-core\2.22.1\7183a25510a02ad00cc6a95d3b3d2a7d3c5a8dc4\log4j-core-2.22.1.jar
[Architectury Transformer DEBUG]  - C:\Users\giflu\.gradle\caches\modules-2\files-2.1\org.apache.logging.log4j\log4j-slf4j2-impl\2.22.1\d7e6693c2606cb7e7335047d7bb96dec52db5665\log4j-slf4j2-impl-2.22.1.jar
[Architectury Transformer DEBUG]  - C:\Users\giflu\.gradle\caches\modules-2\files-2.1\org.jcraft\jorbis\0.0.17\8872d22b293e8f5d7d56ff92be966e6dc28ebdc6\jorbis-0.0.17.jar
[Architectury Transformer DEBUG]  - C:\Users\giflu\.gradle\caches\modules-2\files-2.1\org.joml\joml\1.10.5\22566d58af70ad3d72308bab63b8339906deb649\joml-1.10.5.jar
[Architectury Transformer DEBUG]  - C:\Users\giflu\.gradle\caches\modules-2\files-2.1\org.lwjgl\lwjgl-freetype\3.3.3\a0db6c84a8becc8ca05f9dbfa985edc348a824c7\lwjgl-freetype-3.3.3.jar
[Architectury Transformer DEBUG]  - C:\Users\giflu\.gradle\caches\modules-2\files-2.1\org.lwjgl\lwjgl-glfw\3.3.3\efa1eb78c5ccd840e9f329717109b5e892d72f8e\lwjgl-glfw-3.3.3.jar
[Architectury Transformer DEBUG]  - C:\Users\giflu\.gradle\caches\modules-2\files-2.1\org.lwjgl\lwjgl-jemalloc\3.3.3\b543467b7ff3c6920539a88ee602d34098628be5\lwjgl-jemalloc-3.3.3.jar
[Architectury Transformer DEBUG]  - C:\Users\giflu\.gradle\caches\modules-2\files-2.1\org.lwjgl\lwjgl-openal\3.3.3\daada81ceb5fc0c291fbfdd4433cb8d9423577f2\lwjgl-openal-3.3.3.jar
[Architectury Transformer DEBUG]  - C:\Users\giflu\.gradle\caches\modules-2\files-2.1\org.lwjgl\lwjgl-opengl\3.3.3\2f6b0147078396a58979125a4c947664e98293a\lwjgl-opengl-3.3.3.jar
[Architectury Transformer DEBUG]  - C:\Users\giflu\.gradle\caches\modules-2\files-2.1\org.lwjgl\lwjgl-stb\3.3.3\25dd6161988d7e65f71d5065c99902402ee32746\lwjgl-stb-3.3.3.jar
[Architectury Transformer DEBUG]  - C:\Users\giflu\.gradle\caches\modules-2\files-2.1\org.lwjgl\lwjgl-tinyfd\3.3.3\82d755ca94b102e9ca77283b9e2dc46d1b15fbe5\lwjgl-tinyfd-3.3.3.jar
[Architectury Transformer DEBUG]  - C:\Users\giflu\.gradle\caches\modules-2\files-2.1\org.lwjgl\lwjgl\3.3.3\29589b5f87ed335a6c7e7ee6a5775f81f97ecb84\lwjgl-3.3.3.jar
[Architectury Transformer DEBUG]  - C:\Users\giflu\.gradle\caches\modules-2\files-2.1\org.lz4\lz4-java\1.8.0\4b986a99445e49ea5fbf5d149c4b63f6ed6c6780\lz4-java-1.8.0.jar
[Architectury Transformer DEBUG]  - C:\Users\giflu\.gradle\caches\modules-2\files-2.1\org.slf4j\slf4j-api\2.0.9\7cf2726fdcfbc8610f9a71fb3ed639871f315340\slf4j-api-2.0.9.jar
[Architectury Transformer DEBUG]  - C:\Arquives\DEV\Furnies\.gradle\loom-cache\minecraftMaven\net\minecraft\minecraft-merged-0ea116fd0e\1.21.1-loom.mappings.1_21_1.layered+hash.40545-v2\minecraft-merged-0ea116fd0e-1.21.1-loom.mappings.1_21_1.layered+hash.40545-v2.jar
[Architectury Transformer DEBUG]  - C:\Users\giflu\.gradle\caches\modules-2\files-2.1\io.netty\netty-transport-native-epoll\4.1.97.Final\54188f271e388e7f313aea995e82f58ce2cdb809\netty-transport-native-epoll-4.1.97.Final-linux-x86_64.jar
[Architectury Transformer DEBUG]  - C:\Users\giflu\.gradle\caches\modules-2\files-2.1\io.netty\netty-transport-native-epoll\4.1.97.Final\5514744c588190ffda076b35a9b8c9f24946a960\netty-transport-native-epoll-4.1.97.Final-linux-aarch_64.jar
[Architectury Transformer DEBUG]  - C:\Arquives\DEV\Furnies\.gradle\loom-cache\remapped_mods\loom_mappings_1_21_1_layered_hash_40545_v2\net\fabricmc\fabric-api\fabric-api\0.115.0+1.21.1\fabric-api-0.115.0+1.21.1.jar
[Architectury Transformer DEBUG]  - C:\Arquives\DEV\Furnies\.gradle\loom-cache\remapped_mods\loom_mappings_1_21_1_layered_hash_40545_v2\dev\architectury\architectury-fabric\13.0.8\architectury-fabric-13.0.8.jar
[Architectury Transformer DEBUG]  - C:\Arquives\DEV\Furnies\.gradle\loom-cache\remapped_mods\loom_mappings_1_21_1_layered_hash_40545_v2\net\fabricmc\fabric-api\fabric-transfer-api-v1\5.4.2+c24bd99419\fabric-transfer-api-v1-5.4.2+c24bd99419.jar
[Architectury Transformer DEBUG]  - C:\Arquives\DEV\Furnies\.gradle\loom-cache\remapped_mods\loom_mappings_1_21_1_layered_hash_40545_v2\net\fabricmc\fabric-api\fabric-api-lookup-api-v1\1.6.70+b559734419\fabric-api-lookup-api-v1-1.6.70+b559734419.jar
[Architectury Transformer DEBUG]  - C:\Arquives\DEV\Furnies\.gradle\loom-cache\remapped_mods\loom_mappings_1_21_1_layered_hash_40545_v2\net\fabricmc\fabric-api\fabric-blockrenderlayer-v1\1.1.52+0af3f5a719\fabric-blockrenderlayer-v1-1.1.52+0af3f5a719.jar
[Architectury Transformer DEBUG]  - C:\Arquives\DEV\Furnies\.gradle\loom-cache\remapped_mods\loom_mappings_1_21_1_layered_hash_40545_v2\net\fabricmc\fabric-api\fabric-client-tags-api-v1\1.1.15+6573ed8c19\fabric-client-tags-api-v1-1.1.15+6573ed8c19.jar
[Architectury Transformer DEBUG]  - C:\Arquives\DEV\Furnies\.gradle\loom-cache\remapped_mods\loom_mappings_1_21_1_layered_hash_40545_v2\net\fabricmc\fabric-api\fabric-command-api-v1\1.2.49+f71b366f19\fabric-command-api-v1-1.2.49+f71b366f19.jar
[Architectury Transformer DEBUG]  - C:\Arquives\DEV\Furnies\.gradle\loom-cache\remapped_mods\loom_mappings_1_21_1_layered_hash_40545_v2\net\fabricmc\fabric-api\fabric-commands-v0\0.2.66+df3654b319\fabric-commands-v0-0.2.66+df3654b319.jar
[Architectury Transformer DEBUG]  - C:\Arquives\DEV\Furnies\.gradle\loom-cache\remapped_mods\loom_mappings_1_21_1_layered_hash_40545_v2\net\fabricmc\fabric-api\fabric-command-api-v2\2.2.28+6ced4dd919\fabric-command-api-v2-2.2.28+6ced4dd919.jar
[Architectury Transformer DEBUG]  - C:\Arquives\DEV\Furnies\.gradle\loom-cache\remapped_mods\loom_mappings_1_21_1_layered_hash_40545_v2\net\fabricmc\fabric-api\fabric-content-registries-v0\8.0.18+b559734419\fabric-content-registries-v0-8.0.18+b559734419.jar
[Architectury Transformer DEBUG]  - C:\Arquives\DEV\Furnies\.gradle\loom-cache\remapped_mods\loom_mappings_1_21_1_layered_hash_40545_v2\net\fabricmc\fabric-api\fabric-data-generation-api-v1\20.2.25+16c4ae2519\fabric-data-generation-api-v1-20.2.25+16c4ae2519.jar
[Architectury Transformer DEBUG]  - C:\Arquives\DEV\Furnies\.gradle\loom-cache\remapped_mods\loom_mappings_1_21_1_layered_hash_40545_v2\net\fabricmc\fabric-api\fabric-convention-tags-v1\2.1.2+7f945d5b19\fabric-convention-tags-v1-2.1.2+7f945d5b19.jar
[Architectury Transformer DEBUG]  - C:\Arquives\DEV\Furnies\.gradle\loom-cache\remapped_mods\loom_mappings_1_21_1_layered_hash_40545_v2\net\fabricmc\fabric-api\fabric-convention-tags-v2\2.9.2+e60e56d419\fabric-convention-tags-v2-2.9.2+e60e56d419.jar
[Architectury Transformer DEBUG]  - C:\Arquives\DEV\Furnies\.gradle\loom-cache\remapped_mods\loom_mappings_1_21_1_layered_hash_40545_v2\net\fabricmc\fabric-api\fabric-data-attachment-api-v1\1.4.1+9ed317f519\fabric-data-attachment-api-v1-1.4.1+9ed317f519.jar
[Architectury Transformer DEBUG]  - C:\Arquives\DEV\Furnies\.gradle\loom-cache\remapped_mods\loom_mappings_1_21_1_layered_hash_40545_v2\net\fabricmc\fabric-api\fabric-entity-events-v1\1.7.0+2122d82819\fabric-entity-events-v1-1.7.0+2122d82819.jar
[Architectury Transformer DEBUG]  - C:\Arquives\DEV\Furnies\.gradle\loom-cache\remapped_mods\loom_mappings_1_21_1_layered_hash_40545_v2\net\fabricmc\fabric-api\fabric-events-interaction-v0\0.7.13+ba9dae0619\fabric-events-interaction-v0-0.7.13+ba9dae0619.jar
[Architectury Transformer DEBUG]  - C:\Arquives\DEV\Furnies\.gradle\loom-cache\remapped_mods\loom_mappings_1_21_1_layered_hash_40545_v2\net\fabricmc\fabric-api\fabric-gametest-api-v1\2.0.5+6fc22b9919\fabric-gametest-api-v1-2.0.5+6fc22b9919.jar
[Architectury Transformer DEBUG]  - C:\Arquives\DEV\Furnies\.gradle\loom-cache\remapped_mods\loom_mappings_1_21_1_layered_hash_40545_v2\net\fabricmc\fabric-api\fabric-item-api-v1\11.1.1+d5debaed19\fabric-item-api-v1-11.1.1+d5debaed19.jar
[Architectury Transformer DEBUG]  - C:\Arquives\DEV\Furnies\.gradle\loom-cache\remapped_mods\loom_mappings_1_21_1_layered_hash_40545_v2\net\fabricmc\fabric-api\fabric-item-group-api-v1\4.1.6+6823f7cd19\fabric-item-group-api-v1-4.1.6+6823f7cd19.jar
[Architectury Transformer DEBUG]  - C:\Arquives\DEV\Furnies\.gradle\loom-cache\remapped_mods\loom_mappings_1_21_1_layered_hash_40545_v2\net\fabricmc\fabric-api\fabric-lifecycle-events-v1\2.5.0+01d9a51c19\fabric-lifecycle-events-v1-2.5.0+01d9a51c19.jar
[Architectury Transformer DEBUG]  - C:\Arquives\DEV\Furnies\.gradle\loom-cache\remapped_mods\loom_mappings_1_21_1_layered_hash_40545_v2\net\fabricmc\fabric-api\fabric-loot-api-v2\3.0.15+3f89f5a519\fabric-loot-api-v2-3.0.15+3f89f5a519.jar
[Architectury Transformer DEBUG]  - C:\Arquives\DEV\Furnies\.gradle\loom-cache\remapped_mods\loom_mappings_1_21_1_layered_hash_40545_v2\net\fabricmc\fabric-api\fabric-loot-api-v3\1.0.3+3f89f5a519\fabric-loot-api-v3-1.0.3+3f89f5a519.jar
[Architectury Transformer DEBUG]  - C:\Arquives\DEV\Furnies\.gradle\loom-cache\remapped_mods\loom_mappings_1_21_1_layered_hash_40545_v2\net\fabricmc\fabric-api\fabric-message-api-v1\6.0.13+6573ed8c19\fabric-message-api-v1-6.0.13+6573ed8c19.jar
[Architectury Transformer DEBUG]  - C:\Arquives\DEV\Furnies\.gradle\loom-cache\remapped_mods\loom_mappings_1_21_1_layered_hash_40545_v2\net\fabricmc\fabric-api\fabric-model-loading-api-v1\2.0.0+fe474d6b19\fabric-model-loading-api-v1-2.0.0+fe474d6b19.jar
[Architectury Transformer DEBUG]  - C:\Arquives\DEV\Furnies\.gradle\loom-cache\remapped_mods\loom_mappings_1_21_1_layered_hash_40545_v2\net\fabricmc\fabric-api\fabric-recipe-api-v1\5.0.14+248df81c19\fabric-recipe-api-v1-5.0.14+248df81c19.jar
[Architectury Transformer DEBUG]  - C:\Arquives\DEV\Furnies\.gradle\loom-cache\remapped_mods\loom_mappings_1_21_1_layered_hash_40545_v2\net\fabricmc\fabric-api\fabric-screen-handler-api-v1\1.3.88+b559734419\fabric-screen-handler-api-v1-1.3.88+b559734419.jar
[Architectury Transformer DEBUG]  - C:\Arquives\DEV\Furnies\.gradle\loom-cache\remapped_mods\loom_mappings_1_21_1_layered_hash_40545_v2\net\fabricmc\fabric-api\fabric-registry-sync-v0\5.2.0+34f5d91419\fabric-registry-sync-v0-5.2.0+34f5d91419.jar
[Architectury Transformer DEBUG]  - C:\Arquives\DEV\Furnies\.gradle\loom-cache\remapped_mods\loom_mappings_1_21_1_layered_hash_40545_v2\net\fabricmc\fabric-api\fabric-networking-api-v1\4.3.0+c7469b2119\fabric-networking-api-v1-4.3.0+c7469b2119.jar
[Architectury Transformer DEBUG]  - C:\Arquives\DEV\Furnies\.gradle\loom-cache\remapped_mods\loom_mappings_1_21_1_layered_hash_40545_v2\net\fabricmc\fabric-api\fabric-object-builder-api-v1\15.2.1+40875a9319\fabric-object-builder-api-v1-15.2.1+40875a9319.jar
[Architectury Transformer DEBUG]  - C:\Arquives\DEV\Furnies\.gradle\loom-cache\remapped_mods\loom_mappings_1_21_1_layered_hash_40545_v2\net\fabricmc\fabric-api\fabric-particles-v1\4.0.2+6573ed8c19\fabric-particles-v1-4.0.2+6573ed8c19.jar
[Architectury Transformer DEBUG]  - C:\Arquives\DEV\Furnies\.gradle\loom-cache\remapped_mods\loom_mappings_1_21_1_layered_hash_40545_v2\net\fabricmc\fabric-api\fabric-renderer-indigo\1.7.0+c705a49c19\fabric-renderer-indigo-1.7.0+c705a49c19.jar
[Architectury Transformer DEBUG]  - C:\Arquives\DEV\Furnies\.gradle\loom-cache\remapped_mods\loom_mappings_1_21_1_layered_hash_40545_v2\net\fabricmc\fabric-api\fabric-renderer-api-v1\3.4.0+c705a49c19\fabric-renderer-api-v1-3.4.0+c705a49c19.jar
[Architectury Transformer DEBUG]  - C:\Arquives\DEV\Furnies\.gradle\loom-cache\remapped_mods\loom_mappings_1_21_1_layered_hash_40545_v2\net\fabricmc\fabric-api\fabric-rendering-fluids-v1\3.1.6+1daea21519\fabric-rendering-fluids-v1-3.1.6+1daea21519.jar
[Architectury Transformer DEBUG]  - C:\Arquives\DEV\Furnies\.gradle\loom-cache\remapped_mods\loom_mappings_1_21_1_layered_hash_40545_v2\net\fabricmc\fabric-api\fabric-renderer-registries-v1\3.2.68+df3654b319\fabric-renderer-registries-v1-3.2.68+df3654b319.jar
[Architectury Transformer DEBUG]  - C:\Arquives\DEV\Furnies\.gradle\loom-cache\remapped_mods\loom_mappings_1_21_1_layered_hash_40545_v2\net\fabricmc\fabric-api\fabric-rendering-v0\1.1.71+df3654b319\fabric-rendering-v0-1.1.71+df3654b319.jar
[Architectury Transformer DEBUG]  - C:\Arquives\DEV\Furnies\.gradle\loom-cache\remapped_mods\loom_mappings_1_21_1_layered_hash_40545_v2\net\fabricmc\fabric-api\fabric-rendering-v1\5.0.5+df16efd019\fabric-rendering-v1-5.0.5+df16efd019.jar
[Architectury Transformer DEBUG]  - C:\Arquives\DEV\Furnies\.gradle\loom-cache\remapped_mods\loom_mappings_1_21_1_layered_hash_40545_v2\net\fabricmc\fabric-api\fabric-screen-api-v1\2.0.25+8b68f1c719\fabric-screen-api-v1-2.0.25+8b68f1c719.jar
[Architectury Transformer DEBUG]  - C:\Arquives\DEV\Furnies\.gradle\loom-cache\remapped_mods\loom_mappings_1_21_1_layered_hash_40545_v2\net\fabricmc\fabric-api\fabric-api-base\0.4.42+6573ed8c19\fabric-api-base-0.4.42+6573ed8c19.jar
[Architectury Transformer DEBUG]  - C:\Arquives\DEV\Furnies\.gradle\loom-cache\remapped_mods\loom_mappings_1_21_1_layered_hash_40545_v2\net\fabricmc\fabric-api\fabric-biome-api-v1\13.0.31+d527f9fd19\fabric-biome-api-v1-13.0.31+d527f9fd19.jar
[Architectury Transformer DEBUG]  - C:\Arquives\DEV\Furnies\.gradle\loom-cache\remapped_mods\loom_mappings_1_21_1_layered_hash_40545_v2\net\fabricmc\fabric-api\fabric-block-api-v1\1.0.22+0af3f5a719\fabric-block-api-v1-1.0.22+0af3f5a719.jar
[Architectury Transformer DEBUG]  - C:\Arquives\DEV\Furnies\.gradle\loom-cache\remapped_mods\loom_mappings_1_21_1_layered_hash_40545_v2\net\fabricmc\fabric-api\fabric-rendering-data-attachment-v1\0.3.48+73761d2e19\fabric-rendering-data-attachment-v1-0.3.48+73761d2e19.jar
[Architectury Transformer DEBUG]  - C:\Arquives\DEV\Furnies\.gradle\loom-cache\remapped_mods\loom_mappings_1_21_1_layered_hash_40545_v2\net\fabricmc\fabric-api\fabric-block-view-api-v2\1.0.10+6573ed8c19\fabric-block-view-api-v2-1.0.10+6573ed8c19.jar
[Architectury Transformer DEBUG]  - C:\Arquives\DEV\Furnies\.gradle\loom-cache\remapped_mods\loom_mappings_1_21_1_layered_hash_40545_v2\net\fabricmc\fabric-api\fabric-crash-report-info-v1\0.2.29+0af3f5a719\fabric-crash-report-info-v1-0.2.29+0af3f5a719.jar
[Architectury Transformer DEBUG]  - C:\Arquives\DEV\Furnies\.gradle\loom-cache\remapped_mods\loom_mappings_1_21_1_layered_hash_40545_v2\net\fabricmc\fabric-api\fabric-dimensions-v1\4.0.0+6fc22b9919\fabric-dimensions-v1-4.0.0+6fc22b9919.jar
[Architectury Transformer DEBUG]  - C:\Arquives\DEV\Furnies\.gradle\loom-cache\remapped_mods\loom_mappings_1_21_1_layered_hash_40545_v2\net\fabricmc\fabric-api\fabric-game-rule-api-v1\1.0.53+6ced4dd919\fabric-game-rule-api-v1-1.0.53+6ced4dd919.jar
[Architectury Transformer DEBUG]  - C:\Arquives\DEV\Furnies\.gradle\loom-cache\remapped_mods\loom_mappings_1_21_1_layered_hash_40545_v2\net\fabricmc\fabric-api\fabric-keybindings-v0\0.2.45+df3654b319\fabric-keybindings-v0-0.2.45+df3654b319.jar
[Architectury Transformer DEBUG]  - C:\Arquives\DEV\Furnies\.gradle\loom-cache\remapped_mods\loom_mappings_1_21_1_layered_hash_40545_v2\net\fabricmc\fabric-api\fabric-key-binding-api-v1\1.0.47+0af3f5a719\fabric-key-binding-api-v1-1.0.47+0af3f5a719.jar
[Architectury Transformer DEBUG]  - C:\Arquives\DEV\Furnies\.gradle\loom-cache\remapped_mods\loom_mappings_1_21_1_layered_hash_40545_v2\net\fabricmc\fabric-api\fabric-resource-conditions-api-v1\4.3.0+8dc279b119\fabric-resource-conditions-api-v1-4.3.0+8dc279b119.jar
[Architectury Transformer DEBUG]  - C:\Arquives\DEV\Furnies\.gradle\loom-cache\remapped_mods\loom_mappings_1_21_1_layered_hash_40545_v2\net\fabricmc\fabric-api\fabric-resource-loader-v0\1.3.1+5b5275af19\fabric-resource-loader-v0-1.3.1+5b5275af19.jar
[Architectury Transformer DEBUG]  - C:\Arquives\DEV\Furnies\.gradle\loom-cache\remapped_mods\loom_mappings_1_21_1_layered_hash_40545_v2\net\fabricmc\fabric-api\fabric-sound-api-v1\1.0.23+6573ed8c19\fabric-sound-api-v1-1.0.23+6573ed8c19.jar
[Architectury Transformer DEBUG]  - C:\Arquives\DEV\Furnies\.gradle\loom-cache\remapped_mods\loom_mappings_1_21_1_layered_hash_40545_v2\net\fabricmc\fabric-api\fabric-transitive-access-wideners-v1\6.2.0+45b9699719\fabric-transitive-access-wideners-v1-6.2.0+45b9699719.jar
[Architectury Transformer] Read classpath in 1.826 s
[Architectury Transformer DEBUG] Closed File Systems for C:\Arquives\DEV\Furnies\common\build\devlibs\Furnies-common-0.2-dev.jar
[Architectury Transformer DEBUG] Transforming 5 transformer(s) from C:\Arquives\DEV\Furnies\common\build\devlibs\Furnies-common-0.2-dev.jar to C:\Users\giflu\AppData\Local\Temp\16144450604687685073.jar: 
[Architectury Transformer DEBUG]  - dev.architectury.transformer.transformers.RuntimeMixinRefmapDetector@77ccd734
[Architectury Transformer DEBUG]  - dev.architectury.transformer.transformers.GenerateFakeFabricMod@1c441b38
[Architectury Transformer DEBUG]  - dev.architectury.transformer.transformers.TransformExpectPlatform@390d7327
[Architectury Transformer DEBUG]  - dev.architectury.transformer.transformers.RemapInjectables@71dbf2b3
[Architectury Transformer DEBUG]  - dev.architectury.transformer.transformers.TransformPlatformOnly@60bffecb
[Architectury Transformer DEBUG] Transforming from C:\Arquives\DEV\Furnies\common\build\devlibs\Furnies-common-0.2-dev.jar to C:\Users\giflu\AppData\Local\Temp\16144450604687685073.jar with 5 transformer(s) on dev.architectury.transformer.handler.SimpleTransformerHandler
[Architectury Transformer DEBUG] Found class transformer
[Architectury Transformer DEBUG] Writing com/lunazstudios/furnies/block/BarCounterBlock$1 with maxs=true frames=true
[Architectury Transformer DEBUG] Writing com/lunazstudios/furnies/block/BarCounterBlock with maxs=true frames=true
[Architectury Transformer DEBUG] Writing com/lunazstudios/furnies/block/CabinetBlock$1 with maxs=true frames=true
[Architectury Transformer DEBUG] Writing com/lunazstudios/furnies/block/CabinetBlock with maxs=true frames=true
[Architectury Transformer DEBUG] Writing com/lunazstudios/furnies/block/ChairBlock with maxs=true frames=true
[Architectury Transformer DEBUG] Writing com/lunazstudios/furnies/block/DecorativeStairs with maxs=true frames=true
[Architectury Transformer DEBUG] Writing com/lunazstudios/furnies/block/entity/CabinetBlockEntity$1 with maxs=true frames=true
[Architectury Transformer DEBUG] Writing com/lunazstudios/furnies/block/entity/CabinetBlockEntity with maxs=true frames=true
[Architectury Transformer DEBUG] Writing com/lunazstudios/furnies/block/entity/FreezerBlockEntity$1 with maxs=true frames=true
[Architectury Transformer DEBUG] Writing com/lunazstudios/furnies/block/entity/FreezerBlockEntity with maxs=true frames=true
[Architectury Transformer DEBUG] Writing com/lunazstudios/furnies/block/entity/FridgeBlockEntity$1 with maxs=true frames=true
[Architectury Transformer DEBUG] Writing com/lunazstudios/furnies/block/entity/FridgeBlockEntity with maxs=true frames=true
[Architectury Transformer DEBUG] Writing com/lunazstudios/furnies/block/entity/FurniCrafterBlockEntity with maxs=true frames=true
[Architectury Transformer DEBUG] Writing com/lunazstudios/furnies/block/entity/KitchenCabinetBlockEntity$1 with maxs=true frames=true
[Architectury Transformer DEBUG] Writing com/lunazstudios/furnies/block/entity/KitchenCabinetBlockEntity with maxs=true frames=true
[Architectury Transformer DEBUG] Writing com/lunazstudios/furnies/block/entity/KitchenDrawerBlockEntity$1 with maxs=true frames=true
[Architectury Transformer DEBUG] Writing com/lunazstudios/furnies/block/entity/KitchenDrawerBlockEntity with maxs=true frames=true
[Architectury Transformer DEBUG] Writing com/lunazstudios/furnies/block/FreezerBlock$1 with maxs=true frames=true
[Architectury Transformer DEBUG] Writing com/lunazstudios/furnies/block/FreezerBlock with maxs=true frames=true
[Architectury Transformer DEBUG] Writing com/lunazstudios/furnies/block/FridgeBlock$1 with maxs=true frames=true
[Architectury Transformer DEBUG] Writing com/lunazstudios/furnies/block/FridgeBlock with maxs=true frames=true
[Architectury Transformer DEBUG] Writing com/lunazstudios/furnies/block/FurniCrafterBlock with maxs=true frames=true
[Architectury Transformer DEBUG] Writing com/lunazstudios/furnies/block/FurnitureHorizontalBlock with maxs=true frames=true
[Architectury Transformer DEBUG] Writing com/lunazstudios/furnies/block/KitchenCabinetBlock$1 with maxs=true frames=true
[Architectury Transformer DEBUG] Writing com/lunazstudios/furnies/block/KitchenCabinetBlock with maxs=true frames=true
[Architectury Transformer DEBUG] Writing com/lunazstudios/furnies/block/KitchenCabinetryBlock$1 with maxs=true frames=true
[Architectury Transformer DEBUG] Writing com/lunazstudios/furnies/block/KitchenCabinetryBlock with maxs=true frames=true
[Architectury Transformer DEBUG] Writing com/lunazstudios/furnies/block/KitchenDrawerBlock$1 with maxs=true frames=true
[Architectury Transformer DEBUG] Writing com/lunazstudios/furnies/block/KitchenDrawerBlock with maxs=true frames=true
[Architectury Transformer DEBUG] Writing com/lunazstudios/furnies/block/KitchenSinkBlock with maxs=true frames=true
[Architectury Transformer DEBUG] Writing com/lunazstudios/furnies/block/LampBlock$1 with maxs=true frames=true
[Architectury Transformer DEBUG] Writing com/lunazstudios/furnies/block/LampBlock with maxs=true frames=true
[Architectury Transformer DEBUG] Writing com/lunazstudios/furnies/block/LampConnectorBlock$1 with maxs=true frames=true
[Architectury Transformer DEBUG] Writing com/lunazstudios/furnies/block/LampConnectorBlock with maxs=true frames=true
[Architectury Transformer DEBUG] Writing com/lunazstudios/furnies/block/properties/BarCounterType with maxs=true frames=true
[Architectury Transformer DEBUG] Writing com/lunazstudios/furnies/block/properties/FBlockStateProperties with maxs=true frames=true
[Architectury Transformer DEBUG] Writing com/lunazstudios/furnies/block/properties/KitchenCabinetType with maxs=true frames=true
[Architectury Transformer DEBUG] Writing com/lunazstudios/furnies/block/properties/SofaType with maxs=true frames=true
[Architectury Transformer DEBUG] Writing com/lunazstudios/furnies/block/SeatBlock with maxs=true frames=true
[Architectury Transformer DEBUG] Writing com/lunazstudios/furnies/block/SofaBlock$1 with maxs=true frames=true
[Architectury Transformer DEBUG] Writing com/lunazstudios/furnies/block/SofaBlock with maxs=true frames=true
[Architectury Transformer DEBUG] Writing com/lunazstudios/furnies/block/StoolBlock with maxs=true frames=true
[Architectury Transformer DEBUG] Writing com/lunazstudios/furnies/block/StoveBlock with maxs=true frames=true
[Architectury Transformer DEBUG] Writing com/lunazstudios/furnies/block/SupportBlock$1 with maxs=true frames=true
[Architectury Transformer DEBUG] Writing com/lunazstudios/furnies/block/SupportBlock with maxs=true frames=true
[Architectury Transformer DEBUG] Writing com/lunazstudios/furnies/block/TableBlock with maxs=true frames=true
[Architectury Transformer DEBUG] Writing com/lunazstudios/furnies/block/ToiletBlock with maxs=true frames=true
[Architectury Transformer DEBUG] Writing com/lunazstudios/furnies/block/TVBlock$1 with maxs=true frames=true
[Architectury Transformer DEBUG] Writing com/lunazstudios/furnies/block/TVBlock with maxs=true frames=true
[Architectury Transformer DEBUG] Writing com/lunazstudios/furnies/client/FurniesClient with maxs=true frames=true
[Architectury Transformer DEBUG] Writing com/lunazstudios/furnies/client/renderer/entity/SeatRenderer with maxs=true frames=true
[Architectury Transformer DEBUG] Writing com/lunazstudios/furnies/client/screen/ClientFurnicrafterRecipeIngredientTooltip with maxs=true frames=true
[Architectury Transformer DEBUG] Writing com/lunazstudios/furnies/client/screen/ClientFurnicrafterRecipeTooltip with maxs=true frames=true
[Architectury Transformer DEBUG] Writing com/lunazstudios/furnies/client/screen/FurniCrafterScreen with maxs=true frames=true
[Architectury Transformer DEBUG] Writing com/lunazstudios/furnies/entity/SeatEntity with maxs=true frames=true
[Architectury Transformer DEBUG] Writing com/lunazstudios/furnies/Furnies with maxs=true frames=true
[Architectury Transformer DEBUG] Writing com/lunazstudios/furnies/item/HammerItem with maxs=true frames=true
[Architectury Transformer DEBUG] Writing com/lunazstudios/furnies/menu/FurniCrafterMenu$1 with maxs=true frames=true
[Architectury Transformer DEBUG] Writing com/lunazstudios/furnies/menu/FurniCrafterMenu with maxs=true frames=true
[Architectury Transformer DEBUG] Writing com/lunazstudios/furnies/mixin/client/GuiGraphicsInvoker with maxs=true frames=true
[Architectury Transformer DEBUG] Writing com/lunazstudios/furnies/network/FNetwork with maxs=true frames=true
[Architectury Transformer DEBUG] Writing com/lunazstudios/furnies/network/message/CraftRecipeMessage with maxs=true frames=true
[Architectury Transformer DEBUG] Writing com/lunazstudios/furnies/network/message/SyncCraftableRecipesMessage with maxs=true frames=true
[Architectury Transformer DEBUG] Writing com/lunazstudios/furnies/recipe/CountedIngredient with maxs=true frames=true
[Architectury Transformer DEBUG] Writing com/lunazstudios/furnies/recipe/FurniCraftingRecipe$Serializer with maxs=true frames=true
[Architectury Transformer DEBUG] Writing com/lunazstudios/furnies/recipe/FurniCraftingRecipe with maxs=true frames=true
[Architectury Transformer DEBUG] Writing com/lunazstudios/furnies/registry/FBlockEntityTypes with maxs=true frames=true
[Architectury Transformer DEBUG] Writing com/lunazstudios/furnies/registry/FBlocks$Properties with maxs=true frames=true
[Architectury Transformer DEBUG] Writing com/lunazstudios/furnies/registry/FBlocks with maxs=true frames=true
[Architectury Transformer DEBUG] Writing com/lunazstudios/furnies/registry/FBlockTags with maxs=true frames=true
[Architectury Transformer DEBUG] Writing com/lunazstudios/furnies/registry/FEntityTypes with maxs=true frames=true
[Architectury Transformer DEBUG] Writing com/lunazstudios/furnies/registry/FEntityTypeTags with maxs=true frames=true
[Architectury Transformer DEBUG] Writing com/lunazstudios/furnies/registry/FItems with maxs=true frames=true
[Architectury Transformer DEBUG] Writing com/lunazstudios/furnies/registry/FItemTags with maxs=true frames=true
[Architectury Transformer DEBUG] Writing com/lunazstudios/furnies/registry/FMenus with maxs=true frames=true
[Architectury Transformer DEBUG] Writing com/lunazstudios/furnies/registry/FRecipes$1 with maxs=true frames=true
[Architectury Transformer DEBUG] Writing com/lunazstudios/furnies/registry/FRecipes with maxs=true frames=true
[Architectury Transformer DEBUG] Writing com/lunazstudios/furnies/registry/FRegistry$BlockEntitySupplier with maxs=true frames=true
[Architectury Transformer DEBUG] Writing com/lunazstudios/furnies/registry/FRegistry with maxs=true frames=true
[Architectury Transformer DEBUG] Writing com/lunazstudios/furnies/registry/FSoundEvents with maxs=true frames=true
[Architectury Transformer DEBUG] Writing com/lunazstudios/furnies/util/block/BlockPart with maxs=true frames=true
[Architectury Transformer DEBUG] Writing com/lunazstudios/furnies/util/block/HammerableBlock with maxs=true frames=true
[Architectury Transformer DEBUG] Writing com/lunazstudios/furnies/util/block/ShapeUtil$1 with maxs=true frames=true
[Architectury Transformer DEBUG] Writing com/lunazstudios/furnies/util/block/ShapeUtil with maxs=true frames=true
[Architectury Transformer DEBUG] Checking whether /Furnies-common-common-refmap.json is a mixin config.
[Architectury Transformer DEBUG] Checking whether /furnies.mixins.json is a mixin config.
[Architectury Transformer DEBUG] Closed File Systems for C:\Users\giflu\AppData\Local\Temp\16144450604687685073.jar
[Architectury Transformer] Listening at C:\Arquives\DEV\Furnies\common\build\devlibs\Furnies-common-0.2-dev.jar
[Architectury Transformer DEBUG] Temporary jar [C:\Users\giflu\AppData\Local\Temp\16144450604687685073.jar] contains packages: com.lunazstudios.furnies, com.lunazstudios.furnies.item, com.lunazstudios.furnies.client, com.lunazstudios.furnies.block, com.lunazstudios.furnies.recipe, com.lunazstudios.furnies.network.message, com.lunazstudios.furnies.client.renderer.entity, com.lunazstudios.furnies.mixin.client, com.lunazstudios.furnies.client.screen, com.lunazstudios.furnies.entity, com.lunazstudios.furnies.util.block, com.lunazstudios.furnies.network, com.lunazstudios.furnies.menu, com.lunazstudios.furnies.block.properties, com.lunazstudios.furnies.registry, com.lunazstudios.furnies.block.entity
[Architectury Transformer DEBUG] Closed File Systems for C:\Arquives\DEV\Furnies\common\build\devlibs\Furnies-common-0.2-dev.jar
[Architectury Transformer DEBUG] Classpath entry [C:\Arquives\DEV\Furnies\fabric\build\resources\main] contains packages: 
[Architectury Transformer DEBUG] Transforming from com/lunazstudios/furnies/mixin/client/GuiGraphicsInvoker.class to com/lunazstudios/furnies/mixin/client/GuiGraphicsInvoker.class with 5 transformer(s) on dev.architectury.transformer.handler.TinyRemapperPreparedTransformerHandler
[Architectury Transformer DEBUG] Found class transformer
[Architectury Transformer DEBUG] Writing com/lunazstudios/furnies/mixin/client/GuiGraphicsInvoker with maxs=true frames=true
[Architectury Transformer DEBUG] Transformed com/lunazstudios/furnies/mixin/client/GuiGraphicsInvoker in 2.806 ms
[Architectury Transformer DEBUG] Transforming from com/lunazstudios/furnies/Furnies.class to com/lunazstudios/furnies/Furnies.class with 5 transformer(s) on dev.architectury.transformer.handler.TinyRemapperPreparedTransformerHandler
[Architectury Transformer DEBUG] Found class transformer
[Architectury Transformer DEBUG] Writing com/lunazstudios/furnies/Furnies with maxs=true frames=true
[Architectury Transformer DEBUG] Transformed com/lunazstudios/furnies/Furnies in 1.499 ms
[Architectury Transformer DEBUG] Transforming from com/lunazstudios/furnies/registry/FBlocks.class to com/lunazstudios/furnies/registry/FBlocks.class with 5 transformer(s) on dev.architectury.transformer.handler.TinyRemapperPreparedTransformerHandler
[Architectury Transformer DEBUG] Found class transformer
[Architectury Transformer DEBUG] Writing com/lunazstudios/furnies/registry/FBlocks with maxs=true frames=true
[Architectury Transformer DEBUG] Transformed com/lunazstudios/furnies/registry/FBlocks in 9.013 ms
[Architectury Transformer DEBUG] Transforming from com/lunazstudios/furnies/block/FurniCrafterBlock.class to com/lunazstudios/furnies/block/FurniCrafterBlock.class with 5 transformer(s) on dev.architectury.transformer.handler.TinyRemapperPreparedTransformerHandler
[Architectury Transformer DEBUG] Found class transformer
[Architectury Transformer DEBUG] Writing com/lunazstudios/furnies/block/FurniCrafterBlock with maxs=true frames=true
[Architectury Transformer DEBUG] Transformed com/lunazstudios/furnies/block/FurniCrafterBlock in 1.549 ms
[Architectury Transformer DEBUG] Transforming from com/lunazstudios/furnies/block/ToiletBlock.class to com/lunazstudios/furnies/block/ToiletBlock.class with 5 transformer(s) on dev.architectury.transformer.handler.TinyRemapperPreparedTransformerHandler
[Architectury Transformer DEBUG] Found class transformer
[Architectury Transformer DEBUG] Writing com/lunazstudios/furnies/block/ToiletBlock with maxs=true frames=true
[Architectury Transformer DEBUG] Transformed com/lunazstudios/furnies/block/ToiletBlock in 2.295 ms
[Architectury Transformer DEBUG] Transforming from com/lunazstudios/furnies/block/SeatBlock.class to com/lunazstudios/furnies/block/SeatBlock.class with 5 transformer(s) on dev.architectury.transformer.handler.TinyRemapperPreparedTransformerHandler
[Architectury Transformer DEBUG] Found class transformer
[Architectury Transformer DEBUG] Writing com/lunazstudios/furnies/block/SeatBlock with maxs=true frames=true
[Architectury Transformer DEBUG] Transformed com/lunazstudios/furnies/block/SeatBlock in 1.419 ms
[Architectury Transformer DEBUG] Transforming from com/lunazstudios/furnies/block/FreezerBlock.class to com/lunazstudios/furnies/block/FreezerBlock.class with 5 transformer(s) on dev.architectury.transformer.handler.TinyRemapperPreparedTransformerHandler
[Architectury Transformer DEBUG] Found class transformer
[Architectury Transformer DEBUG] Writing com/lunazstudios/furnies/block/FreezerBlock with maxs=true frames=true
[Architectury Transformer DEBUG] Transformed com/lunazstudios/furnies/block/FreezerBlock in 1.286 ms
[Architectury Transformer DEBUG] Transforming from com/lunazstudios/furnies/block/SofaBlock.class to com/lunazstudios/furnies/block/SofaBlock.class with 5 transformer(s) on dev.architectury.transformer.handler.TinyRemapperPreparedTransformerHandler
[Architectury Transformer DEBUG] Found class transformer
[Architectury Transformer DEBUG] Writing com/lunazstudios/furnies/block/SofaBlock with maxs=true frames=true
[Architectury Transformer DEBUG] Transformed com/lunazstudios/furnies/block/SofaBlock in 2.765 ms
[Architectury Transformer DEBUG] Transforming from com/lunazstudios/furnies/util/block/HammerableBlock.class to com/lunazstudios/furnies/util/block/HammerableBlock.class with 5 transformer(s) on dev.architectury.transformer.handler.TinyRemapperPreparedTransformerHandler
[Architectury Transformer DEBUG] Found class transformer
[Architectury Transformer DEBUG] Writing com/lunazstudios/furnies/util/block/HammerableBlock with maxs=true frames=true
[Architectury Transformer DEBUG] Transformed com/lunazstudios/furnies/util/block/HammerableBlock in 878.0 μs
[Architectury Transformer DEBUG] Transforming from com/lunazstudios/furnies/block/StoveBlock.class to com/lunazstudios/furnies/block/StoveBlock.class with 5 transformer(s) on dev.architectury.transformer.handler.TinyRemapperPreparedTransformerHandler
[Architectury Transformer DEBUG] Found class transformer
[Architectury Transformer DEBUG] Writing com/lunazstudios/furnies/block/StoveBlock with maxs=true frames=true
[Architectury Transformer DEBUG] Transformed com/lunazstudios/furnies/block/StoveBlock in 1.629 ms
[Architectury Transformer DEBUG] Transforming from com/lunazstudios/furnies/block/FridgeBlock.class to com/lunazstudios/furnies/block/FridgeBlock.class with 5 transformer(s) on dev.architectury.transformer.handler.TinyRemapperPreparedTransformerHandler
[Architectury Transformer DEBUG] Found class transformer
[Architectury Transformer DEBUG] Writing com/lunazstudios/furnies/block/FridgeBlock with maxs=true frames=true
[Architectury Transformer DEBUG] Transformed com/lunazstudios/furnies/block/FridgeBlock in 1.329 ms
[Architectury Transformer DEBUG] Transforming from com/lunazstudios/furnies/block/KitchenDrawerBlock.class to com/lunazstudios/furnies/block/KitchenDrawerBlock.class with 5 transformer(s) on dev.architectury.transformer.handler.TinyRemapperPreparedTransformerHandler
[Architectury Transformer DEBUG] Found class transformer
[Architectury Transformer DEBUG] Writing com/lunazstudios/furnies/block/KitchenDrawerBlock with maxs=true frames=true
[Architectury Transformer DEBUG] Transformed com/lunazstudios/furnies/block/KitchenDrawerBlock in 2.462 ms
[Architectury Transformer DEBUG] Transforming from com/lunazstudios/furnies/block/KitchenSinkBlock.class to com/lunazstudios/furnies/block/KitchenSinkBlock.class with 5 transformer(s) on dev.architectury.transformer.handler.TinyRemapperPreparedTransformerHandler
[Architectury Transformer DEBUG] Found class transformer
[Architectury Transformer DEBUG] Writing com/lunazstudios/furnies/block/KitchenSinkBlock with maxs=true frames=true
[Architectury Transformer DEBUG] Transformed com/lunazstudios/furnies/block/KitchenSinkBlock in 1.460 ms
[Architectury Transformer DEBUG] Transforming from com/lunazstudios/furnies/block/BarCounterBlock.class to com/lunazstudios/furnies/block/BarCounterBlock.class with 5 transformer(s) on dev.architectury.transformer.handler.TinyRemapperPreparedTransformerHandler
[Architectury Transformer DEBUG] Found class transformer
[Architectury Transformer DEBUG] Writing com/lunazstudios/furnies/block/BarCounterBlock with maxs=true frames=true
[Architectury Transformer DEBUG] Transformed com/lunazstudios/furnies/block/BarCounterBlock in 2.347 ms
[Architectury Transformer DEBUG] Transforming from com/lunazstudios/furnies/block/KitchenCabinetryBlock.class to com/lunazstudios/furnies/block/KitchenCabinetryBlock.class with 5 transformer(s) on dev.architectury.transformer.handler.TinyRemapperPreparedTransformerHandler
[Architectury Transformer DEBUG] Found class transformer
[Architectury Transformer DEBUG] Writing com/lunazstudios/furnies/block/KitchenCabinetryBlock with maxs=true frames=true
[Architectury Transformer DEBUG] Transformed com/lunazstudios/furnies/block/KitchenCabinetryBlock in 1.371 ms
[Architectury Transformer DEBUG] Transforming from com/lunazstudios/furnies/block/StoolBlock.class to com/lunazstudios/furnies/block/StoolBlock.class with 5 transformer(s) on dev.architectury.transformer.handler.TinyRemapperPreparedTransformerHandler
[Architectury Transformer DEBUG] Found class transformer
[Architectury Transformer DEBUG] Writing com/lunazstudios/furnies/block/StoolBlock with maxs=true frames=true
[Architectury Transformer DEBUG] Transformed com/lunazstudios/furnies/block/StoolBlock in 1.192 ms
[Architectury Transformer DEBUG] Transforming from com/lunazstudios/furnies/block/KitchenCabinetBlock.class to com/lunazstudios/furnies/block/KitchenCabinetBlock.class with 5 transformer(s) on dev.architectury.transformer.handler.TinyRemapperPreparedTransformerHandler
[Architectury Transformer DEBUG] Found class transformer
[Architectury Transformer DEBUG] Writing com/lunazstudios/furnies/block/KitchenCabinetBlock with maxs=true frames=true
[Architectury Transformer DEBUG] Transformed com/lunazstudios/furnies/block/KitchenCabinetBlock in 3.084 ms
[Architectury Transformer DEBUG] Transforming from com/lunazstudios/furnies/block/LampBlock.class to com/lunazstudios/furnies/block/LampBlock.class with 5 transformer(s) on dev.architectury.transformer.handler.TinyRemapperPreparedTransformerHandler
[Architectury Transformer DEBUG] Found class transformer
[Architectury Transformer DEBUG] Writing com/lunazstudios/furnies/block/LampBlock with maxs=true frames=true
[Architectury Transformer DEBUG] Transformed com/lunazstudios/furnies/block/LampBlock in 2.055 ms
[Architectury Transformer DEBUG] Transforming from com/lunazstudios/furnies/block/LampConnectorBlock.class to com/lunazstudios/furnies/block/LampConnectorBlock.class with 5 transformer(s) on dev.architectury.transformer.handler.TinyRemapperPreparedTransformerHandler
[Architectury Transformer DEBUG] Found class transformer
[Architectury Transformer DEBUG] Writing com/lunazstudios/furnies/block/LampConnectorBlock with maxs=true frames=true
[Architectury Transformer DEBUG] Transformed com/lunazstudios/furnies/block/LampConnectorBlock in 1.632 ms
[Architectury Transformer DEBUG] Transforming from com/lunazstudios/furnies/block/DecorativeStairs.class to com/lunazstudios/furnies/block/DecorativeStairs.class with 5 transformer(s) on dev.architectury.transformer.handler.TinyRemapperPreparedTransformerHandler
[Architectury Transformer DEBUG] Found class transformer
[Architectury Transformer DEBUG] Writing com/lunazstudios/furnies/block/DecorativeStairs with maxs=true frames=true
[Architectury Transformer DEBUG] Transformed com/lunazstudios/furnies/block/DecorativeStairs in 1.258 ms
[Architectury Transformer DEBUG] Transforming from com/lunazstudios/furnies/block/FurnitureHorizontalBlock.class to com/lunazstudios/furnies/block/FurnitureHorizontalBlock.class with 5 transformer(s) on dev.architectury.transformer.handler.TinyRemapperPreparedTransformerHandler
[Architectury Transformer DEBUG] Found class transformer
[Architectury Transformer DEBUG] Writing com/lunazstudios/furnies/block/FurnitureHorizontalBlock with maxs=true frames=true
[Architectury Transformer DEBUG] Transformed com/lunazstudios/furnies/block/FurnitureHorizontalBlock in 835.3 μs
[Architectury Transformer DEBUG] Transforming from com/lunazstudios/furnies/block/CabinetBlock.class to com/lunazstudios/furnies/block/CabinetBlock.class with 5 transformer(s) on dev.architectury.transformer.handler.TinyRemapperPreparedTransformerHandler
[Architectury Transformer DEBUG] Found class transformer
[Architectury Transformer DEBUG] Writing com/lunazstudios/furnies/block/CabinetBlock with maxs=true frames=true
[Architectury Transformer DEBUG] Transformed com/lunazstudios/furnies/block/CabinetBlock in 1.771 ms
[Architectury Transformer DEBUG] Transforming from com/lunazstudios/furnies/block/SupportBlock.class to com/lunazstudios/furnies/block/SupportBlock.class with 5 transformer(s) on dev.architectury.transformer.handler.TinyRemapperPreparedTransformerHandler
[Architectury Transformer DEBUG] Found class transformer
[Architectury Transformer DEBUG] Writing com/lunazstudios/furnies/block/SupportBlock with maxs=true frames=true
[Architectury Transformer DEBUG] Transformed com/lunazstudios/furnies/block/SupportBlock in 1.569 ms
[Architectury Transformer DEBUG] Transforming from com/lunazstudios/furnies/block/ChairBlock.class to com/lunazstudios/furnies/block/ChairBlock.class with 5 transformer(s) on dev.architectury.transformer.handler.TinyRemapperPreparedTransformerHandler
[Architectury Transformer DEBUG] Found class transformer
[Architectury Transformer DEBUG] Writing com/lunazstudios/furnies/block/ChairBlock with maxs=true frames=true
[Architectury Transformer DEBUG] Transformed com/lunazstudios/furnies/block/ChairBlock in 1.433 ms
[Architectury Transformer DEBUG] Transforming from com/lunazstudios/furnies/block/TableBlock.class to com/lunazstudios/furnies/block/TableBlock.class with 5 transformer(s) on dev.architectury.transformer.handler.TinyRemapperPreparedTransformerHandler
[Architectury Transformer DEBUG] Found class transformer
[Architectury Transformer DEBUG] Writing com/lunazstudios/furnies/block/TableBlock with maxs=true frames=true
[Architectury Transformer DEBUG] Transformed com/lunazstudios/furnies/block/TableBlock in 1.721 ms
[Architectury Transformer DEBUG] Transforming from com/lunazstudios/furnies/registry/FRegistry.class to com/lunazstudios/furnies/registry/FRegistry.class with 5 transformer(s) on dev.architectury.transformer.handler.TinyRemapperPreparedTransformerHandler
[Architectury Transformer DEBUG] Found class transformer
[Architectury Transformer DEBUG] Writing com/lunazstudios/furnies/registry/FRegistry with maxs=true frames=true
[Architectury Transformer DEBUG] Transformed com/lunazstudios/furnies/registry/FRegistry in 1.286 ms
[Architectury Transformer DEBUG] Transforming from com/lunazstudios/furnies/block/entity/FurniCrafterBlockEntity.class to com/lunazstudios/furnies/block/entity/FurniCrafterBlockEntity.class with 5 transformer(s) on dev.architectury.transformer.handler.TinyRemapperPreparedTransformerHandler
[Architectury Transformer DEBUG] Found class transformer
[Architectury Transformer DEBUG] Writing com/lunazstudios/furnies/block/entity/FurniCrafterBlockEntity with maxs=true frames=true
[Architectury Transformer DEBUG] Transformed com/lunazstudios/furnies/block/entity/FurniCrafterBlockEntity in 739.6 μs
[Architectury Transformer DEBUG] Transforming from com/lunazstudios/furnies/registry/FBlocks$Properties.class to com/lunazstudios/furnies/registry/FBlocks$Properties.class with 5 transformer(s) on dev.architectury.transformer.handler.TinyRemapperPreparedTransformerHandler
[Architectury Transformer DEBUG] Found class transformer
[Architectury Transformer DEBUG] Writing com/lunazstudios/furnies/registry/FBlocks$Properties with maxs=true frames=true
[Architectury Transformer DEBUG] Transformed com/lunazstudios/furnies/registry/FBlocks$Properties in 3.190 ms
[Architectury Transformer DEBUG] Transforming from com/lunazstudios/furnies/entity/SeatEntity.class to com/lunazstudios/furnies/entity/SeatEntity.class with 5 transformer(s) on dev.architectury.transformer.handler.TinyRemapperPreparedTransformerHandler
[Architectury Transformer DEBUG] Found class transformer
[Architectury Transformer DEBUG] Writing com/lunazstudios/furnies/entity/SeatEntity with maxs=true frames=true
[Architectury Transformer DEBUG] Transformed com/lunazstudios/furnies/entity/SeatEntity in 1.360 ms
[Architectury Transformer DEBUG] Transforming from com/lunazstudios/furnies/util/block/ShapeUtil.class to com/lunazstudios/furnies/util/block/ShapeUtil.class with 5 transformer(s) on dev.architectury.transformer.handler.TinyRemapperPreparedTransformerHandler
[Architectury Transformer DEBUG] Found class transformer
[Architectury Transformer DEBUG] Writing com/lunazstudios/furnies/util/block/ShapeUtil with maxs=true frames=true
[Architectury Transformer DEBUG] Transformed com/lunazstudios/furnies/util/block/ShapeUtil in 1.152 ms
[Architectury Transformer DEBUG] Transforming from com/lunazstudios/furnies/util/block/ShapeUtil$1.class to com/lunazstudios/furnies/util/block/ShapeUtil$1.class with 5 transformer(s) on dev.architectury.transformer.handler.TinyRemapperPreparedTransformerHandler
[Architectury Transformer DEBUG] Found class transformer
[Architectury Transformer DEBUG] Writing com/lunazstudios/furnies/util/block/ShapeUtil$1 with maxs=true frames=true
[Architectury Transformer DEBUG] Transformed com/lunazstudios/furnies/util/block/ShapeUtil$1 in 855.1 μs
[Architectury Transformer DEBUG] Transforming from com/lunazstudios/furnies/block/entity/FreezerBlockEntity.class to com/lunazstudios/furnies/block/entity/FreezerBlockEntity.class with 5 transformer(s) on dev.architectury.transformer.handler.TinyRemapperPreparedTransformerHandler
[Architectury Transformer DEBUG] Found class transformer
[Architectury Transformer DEBUG] Writing com/lunazstudios/furnies/block/entity/FreezerBlockEntity with maxs=true frames=true
[Architectury Transformer DEBUG] Transformed com/lunazstudios/furnies/block/entity/FreezerBlockEntity in 2.980 ms
[Architectury Transformer DEBUG] Transforming from com/lunazstudios/furnies/block/entity/FridgeBlockEntity.class to com/lunazstudios/furnies/block/entity/FridgeBlockEntity.class with 5 transformer(s) on dev.architectury.transformer.handler.TinyRemapperPreparedTransformerHandler
[Architectury Transformer DEBUG] Found class transformer
[Architectury Transformer DEBUG] Writing com/lunazstudios/furnies/block/entity/FridgeBlockEntity with maxs=true frames=true
[Architectury Transformer DEBUG] Transformed com/lunazstudios/furnies/block/entity/FridgeBlockEntity in 809.0 μs
[Architectury Transformer DEBUG] Transforming from com/lunazstudios/furnies/block/properties/FBlockStateProperties.class to com/lunazstudios/furnies/block/properties/FBlockStateProperties.class with 5 transformer(s) on dev.architectury.transformer.handler.TinyRemapperPreparedTransformerHandler
[Architectury Transformer DEBUG] Found class transformer
[Architectury Transformer DEBUG] Writing com/lunazstudios/furnies/block/properties/FBlockStateProperties with maxs=true frames=true
[Architectury Transformer DEBUG] Transformed com/lunazstudios/furnies/block/properties/FBlockStateProperties in 759.7 μs
[Architectury Transformer DEBUG] Transforming from com/lunazstudios/furnies/block/properties/SofaType.class to com/lunazstudios/furnies/block/properties/SofaType.class with 5 transformer(s) on dev.architectury.transformer.handler.TinyRemapperPreparedTransformerHandler
[Architectury Transformer DEBUG] Found class transformer
[Architectury Transformer DEBUG] Writing com/lunazstudios/furnies/block/properties/SofaType with maxs=true frames=true
[Architectury Transformer DEBUG] Transformed com/lunazstudios/furnies/block/properties/SofaType in 499.4 μs
[Architectury Transformer DEBUG] Transforming from com/lunazstudios/furnies/block/properties/BarCounterType.class to com/lunazstudios/furnies/block/properties/BarCounterType.class with 5 transformer(s) on dev.architectury.transformer.handler.TinyRemapperPreparedTransformerHandler
[Architectury Transformer DEBUG] Found class transformer
[Architectury Transformer DEBUG] Writing com/lunazstudios/furnies/block/properties/BarCounterType with maxs=true frames=true
[Architectury Transformer DEBUG] Transformed com/lunazstudios/furnies/block/properties/BarCounterType in 404.6 μs
[Architectury Transformer DEBUG] Transforming from com/lunazstudios/furnies/block/properties/KitchenCabinetType.class to com/lunazstudios/furnies/block/properties/KitchenCabinetType.class with 5 transformer(s) on dev.architectury.transformer.handler.TinyRemapperPreparedTransformerHandler
[Architectury Transformer DEBUG] Found class transformer
[Architectury Transformer DEBUG] Writing com/lunazstudios/furnies/block/properties/KitchenCabinetType with maxs=true frames=true
[Architectury Transformer DEBUG] Transformed com/lunazstudios/furnies/block/properties/KitchenCabinetType in 772.9 μs
[Architectury Transformer DEBUG] Transforming from com/lunazstudios/furnies/block/entity/CabinetBlockEntity.class to com/lunazstudios/furnies/block/entity/CabinetBlockEntity.class with 5 transformer(s) on dev.architectury.transformer.handler.TinyRemapperPreparedTransformerHandler
[Architectury Transformer DEBUG] Found class transformer
[Architectury Transformer DEBUG] Writing com/lunazstudios/furnies/block/entity/CabinetBlockEntity with maxs=true frames=true
[Architectury Transformer DEBUG] Transformed com/lunazstudios/furnies/block/entity/CabinetBlockEntity in 961.6 μs
[Architectury Transformer DEBUG] Transforming from com/lunazstudios/furnies/block/entity/KitchenCabinetBlockEntity.class to com/lunazstudios/furnies/block/entity/KitchenCabinetBlockEntity.class with 5 transformer(s) on dev.architectury.transformer.handler.TinyRemapperPreparedTransformerHandler
[Architectury Transformer DEBUG] Found class transformer
[Architectury Transformer DEBUG] Writing com/lunazstudios/furnies/block/entity/KitchenCabinetBlockEntity with maxs=true frames=true
[Architectury Transformer DEBUG] Transformed com/lunazstudios/furnies/block/entity/KitchenCabinetBlockEntity in 1.207 ms
[Architectury Transformer DEBUG] Transforming from com/lunazstudios/furnies/block/entity/KitchenDrawerBlockEntity.class to com/lunazstudios/furnies/block/entity/KitchenDrawerBlockEntity.class with 5 transformer(s) on dev.architectury.transformer.handler.TinyRemapperPreparedTransformerHandler
[Architectury Transformer DEBUG] Found class transformer
[Architectury Transformer DEBUG] Writing com/lunazstudios/furnies/block/entity/KitchenDrawerBlockEntity with maxs=true frames=true
[Architectury Transformer DEBUG] Transformed com/lunazstudios/furnies/block/entity/KitchenDrawerBlockEntity in 1.076 ms
[Architectury Transformer DEBUG] Transforming from com/lunazstudios/furnies/registry/FItems.class to com/lunazstudios/furnies/registry/FItems.class with 5 transformer(s) on dev.architectury.transformer.handler.TinyRemapperPreparedTransformerHandler
[Architectury Transformer DEBUG] Found class transformer
[Architectury Transformer DEBUG] Writing com/lunazstudios/furnies/registry/FItems with maxs=true frames=true
[Architectury Transformer DEBUG] Transformed com/lunazstudios/furnies/registry/FItems in 664.7 μs
[Architectury Transformer DEBUG] Transforming from com/lunazstudios/furnies/item/HammerItem.class to com/lunazstudios/furnies/item/HammerItem.class with 5 transformer(s) on dev.architectury.transformer.handler.TinyRemapperPreparedTransformerHandler
[Architectury Transformer DEBUG] Found class transformer
[Architectury Transformer DEBUG] Writing com/lunazstudios/furnies/item/HammerItem with maxs=true frames=true
[Architectury Transformer DEBUG] Transformed com/lunazstudios/furnies/item/HammerItem in 207.8 μs
[Architectury Transformer DEBUG] Transforming from com/lunazstudios/furnies/registry/FBlockTags.class to com/lunazstudios/furnies/registry/FBlockTags.class with 5 transformer(s) on dev.architectury.transformer.handler.TinyRemapperPreparedTransformerHandler
[Architectury Transformer DEBUG] Found class transformer
[Architectury Transformer DEBUG] Writing com/lunazstudios/furnies/registry/FBlockTags with maxs=true frames=true
[Architectury Transformer DEBUG] Transformed com/lunazstudios/furnies/registry/FBlockTags in 907.8 μs
[Architectury Transformer DEBUG] Transforming from com/lunazstudios/furnies/registry/FEntityTypes.class to com/lunazstudios/furnies/registry/FEntityTypes.class with 5 transformer(s) on dev.architectury.transformer.handler.TinyRemapperPreparedTransformerHandler
[Architectury Transformer DEBUG] Found class transformer
[Architectury Transformer DEBUG] Writing com/lunazstudios/furnies/registry/FEntityTypes with maxs=true frames=true
[Architectury Transformer DEBUG] Transformed com/lunazstudios/furnies/registry/FEntityTypes in 691.1 μs
[Architectury Transformer DEBUG] Transforming from com/lunazstudios/furnies/registry/FEntityTypeTags.class to com/lunazstudios/furnies/registry/FEntityTypeTags.class with 5 transformer(s) on dev.architectury.transformer.handler.TinyRemapperPreparedTransformerHandler
[Architectury Transformer DEBUG] Found class transformer
[Architectury Transformer DEBUG] Writing com/lunazstudios/furnies/registry/FEntityTypeTags with maxs=true frames=true
[Architectury Transformer DEBUG] Transformed com/lunazstudios/furnies/registry/FEntityTypeTags in 852.4 μs
[Architectury Transformer DEBUG] Transforming from com/lunazstudios/furnies/registry/FBlockEntityTypes.class to com/lunazstudios/furnies/registry/FBlockEntityTypes.class with 5 transformer(s) on dev.architectury.transformer.handler.TinyRemapperPreparedTransformerHandler
[Architectury Transformer DEBUG] Found class transformer
[Architectury Transformer DEBUG] Writing com/lunazstudios/furnies/registry/FBlockEntityTypes with maxs=true frames=true
[Architectury Transformer DEBUG] Transformed com/lunazstudios/furnies/registry/FBlockEntityTypes in 1.160 ms
[Architectury Transformer DEBUG] Transforming from com/lunazstudios/furnies/registry/FRegistry$BlockEntitySupplier.class to com/lunazstudios/furnies/registry/FRegistry$BlockEntitySupplier.class with 5 transformer(s) on dev.architectury.transformer.handler.TinyRemapperPreparedTransformerHandler
[Architectury Transformer DEBUG] Found class transformer
[Architectury Transformer DEBUG] Writing com/lunazstudios/furnies/registry/FRegistry$BlockEntitySupplier with maxs=true frames=true
[Architectury Transformer DEBUG] Transformed com/lunazstudios/furnies/registry/FRegistry$BlockEntitySupplier in 635.2 μs
[Architectury Transformer DEBUG] Transforming from com/lunazstudios/furnies/block/entity/CabinetBlockEntity$1.class to com/lunazstudios/furnies/block/entity/CabinetBlockEntity$1.class with 5 transformer(s) on dev.architectury.transformer.handler.TinyRemapperPreparedTransformerHandler
[Architectury Transformer DEBUG] Found class transformer
[Architectury Transformer DEBUG] Writing com/lunazstudios/furnies/block/entity/CabinetBlockEntity$1 with maxs=true frames=true
[Architectury Transformer DEBUG] Transformed com/lunazstudios/furnies/block/entity/CabinetBlockEntity$1 in 618.3 μs
[Architectury Transformer DEBUG] Transforming from com/lunazstudios/furnies/block/entity/KitchenCabinetBlockEntity$1.class to com/lunazstudios/furnies/block/entity/KitchenCabinetBlockEntity$1.class with 5 transformer(s) on dev.architectury.transformer.handler.TinyRemapperPreparedTransformerHandler
[Architectury Transformer DEBUG] Found class transformer
[Architectury Transformer DEBUG] Writing com/lunazstudios/furnies/block/entity/KitchenCabinetBlockEntity$1 with maxs=true frames=true
[Architectury Transformer DEBUG] Transformed com/lunazstudios/furnies/block/entity/KitchenCabinetBlockEntity$1 in 488.5 μs
[Architectury Transformer DEBUG] Transforming from com/lunazstudios/furnies/block/entity/KitchenDrawerBlockEntity$1.class to com/lunazstudios/furnies/block/entity/KitchenDrawerBlockEntity$1.class with 5 transformer(s) on dev.architectury.transformer.handler.TinyRemapperPreparedTransformerHandler
[Architectury Transformer DEBUG] Found class transformer
[Architectury Transformer DEBUG] Writing com/lunazstudios/furnies/block/entity/KitchenDrawerBlockEntity$1 with maxs=true frames=true
[Architectury Transformer DEBUG] Transformed com/lunazstudios/furnies/block/entity/KitchenDrawerBlockEntity$1 in 616.1 μs
[Architectury Transformer DEBUG] Transforming from com/lunazstudios/furnies/block/entity/FridgeBlockEntity$1.class to com/lunazstudios/furnies/block/entity/FridgeBlockEntity$1.class with 5 transformer(s) on dev.architectury.transformer.handler.TinyRemapperPreparedTransformerHandler
[Architectury Transformer DEBUG] Found class transformer
[Architectury Transformer DEBUG] Writing com/lunazstudios/furnies/block/entity/FridgeBlockEntity$1 with maxs=true frames=true
[Architectury Transformer DEBUG] Transformed com/lunazstudios/furnies/block/entity/FridgeBlockEntity$1 in 458.8 μs
[Architectury Transformer DEBUG] Transforming from com/lunazstudios/furnies/block/entity/FreezerBlockEntity$1.class to com/lunazstudios/furnies/block/entity/FreezerBlockEntity$1.class with 5 transformer(s) on dev.architectury.transformer.handler.TinyRemapperPreparedTransformerHandler
[Architectury Transformer DEBUG] Found class transformer
[Architectury Transformer DEBUG] Writing com/lunazstudios/furnies/block/entity/FreezerBlockEntity$1 with maxs=true frames=true
[Architectury Transformer DEBUG] Transformed com/lunazstudios/furnies/block/entity/FreezerBlockEntity$1 in 1.798 ms
[Architectury Transformer DEBUG] Transforming from com/lunazstudios/furnies/menu/FurniCrafterMenu.class to com/lunazstudios/furnies/menu/FurniCrafterMenu.class with 5 transformer(s) on dev.architectury.transformer.handler.TinyRemapperPreparedTransformerHandler
[Architectury Transformer DEBUG] Found class transformer
[Architectury Transformer DEBUG] Writing com/lunazstudios/furnies/menu/FurniCrafterMenu with maxs=true frames=true
[Architectury Transformer DEBUG] Transformed com/lunazstudios/furnies/menu/FurniCrafterMenu in 1.527 ms
[Architectury Transformer DEBUG] Transforming from com/lunazstudios/furnies/registry/FSoundEvents.class to com/lunazstudios/furnies/registry/FSoundEvents.class with 5 transformer(s) on dev.architectury.transformer.handler.TinyRemapperPreparedTransformerHandler
[Architectury Transformer DEBUG] Found class transformer
[Architectury Transformer DEBUG] Writing com/lunazstudios/furnies/registry/FSoundEvents with maxs=true frames=true
[Architectury Transformer DEBUG] Transformed com/lunazstudios/furnies/registry/FSoundEvents in 620.0 μs
[Architectury Transformer DEBUG] Transforming from com/lunazstudios/furnies/registry/FItemTags.class to com/lunazstudios/furnies/registry/FItemTags.class with 5 transformer(s) on dev.architectury.transformer.handler.TinyRemapperPreparedTransformerHandler
[Architectury Transformer DEBUG] Found class transformer
[Architectury Transformer DEBUG] Writing com/lunazstudios/furnies/registry/FItemTags with maxs=true frames=true
[Architectury Transformer DEBUG] Transformed com/lunazstudios/furnies/registry/FItemTags in 525.5 μs
[Architectury Transformer DEBUG] Transforming from com/lunazstudios/furnies/registry/FRecipes.class to com/lunazstudios/furnies/registry/FRecipes.class with 5 transformer(s) on dev.architectury.transformer.handler.TinyRemapperPreparedTransformerHandler
[Architectury Transformer DEBUG] Found class transformer
[Architectury Transformer DEBUG] Writing com/lunazstudios/furnies/registry/FRecipes with maxs=true frames=true
[Architectury Transformer DEBUG] Transformed com/lunazstudios/furnies/registry/FRecipes in 1.002 ms
[Architectury Transformer DEBUG] Transforming from com/lunazstudios/furnies/registry/FRecipes$1.class to com/lunazstudios/furnies/registry/FRecipes$1.class with 5 transformer(s) on dev.architectury.transformer.handler.TinyRemapperPreparedTransformerHandler
[Architectury Transformer DEBUG] Found class transformer
[Architectury Transformer DEBUG] Writing com/lunazstudios/furnies/registry/FRecipes$1 with maxs=true frames=true
[Architectury Transformer DEBUG] Transformed com/lunazstudios/furnies/registry/FRecipes$1 in 274.2 μs
[Architectury Transformer DEBUG] Transforming from com/lunazstudios/furnies/recipe/FurniCraftingRecipe$Serializer.class to com/lunazstudios/furnies/recipe/FurniCraftingRecipe$Serializer.class with 5 transformer(s) on dev.architectury.transformer.handler.TinyRemapperPreparedTransformerHandler
[Architectury Transformer DEBUG] Found class transformer
[Architectury Transformer DEBUG] Writing com/lunazstudios/furnies/recipe/FurniCraftingRecipe$Serializer with maxs=true frames=true
[Architectury Transformer DEBUG] Transformed com/lunazstudios/furnies/recipe/FurniCraftingRecipe$Serializer in 677.3 μs
[Architectury Transformer DEBUG] Transforming from com/lunazstudios/furnies/recipe/FurniCraftingRecipe.class to com/lunazstudios/furnies/recipe/FurniCraftingRecipe.class with 5 transformer(s) on dev.architectury.transformer.handler.TinyRemapperPreparedTransformerHandler
[Architectury Transformer DEBUG] Found class transformer
[Architectury Transformer DEBUG] Writing com/lunazstudios/furnies/recipe/FurniCraftingRecipe with maxs=true frames=true
[Architectury Transformer DEBUG] Transformed com/lunazstudios/furnies/recipe/FurniCraftingRecipe in 1.177 ms
[Architectury Transformer DEBUG] Transforming from com/lunazstudios/furnies/recipe/CountedIngredient.class to com/lunazstudios/furnies/recipe/CountedIngredient.class with 5 transformer(s) on dev.architectury.transformer.handler.TinyRemapperPreparedTransformerHandler
[Architectury Transformer DEBUG] Found class transformer
[Architectury Transformer DEBUG] Writing com/lunazstudios/furnies/recipe/CountedIngredient with maxs=true frames=true
[Architectury Transformer DEBUG] Transformed com/lunazstudios/furnies/recipe/CountedIngredient in 962.9 μs
[Architectury Transformer DEBUG] Transforming from com/lunazstudios/furnies/registry/FMenus.class to com/lunazstudios/furnies/registry/FMenus.class with 5 transformer(s) on dev.architectury.transformer.handler.TinyRemapperPreparedTransformerHandler
[Architectury Transformer DEBUG] Found class transformer
[Architectury Transformer DEBUG] Writing com/lunazstudios/furnies/registry/FMenus with maxs=true frames=true
[Architectury Transformer DEBUG] Transformed com/lunazstudios/furnies/registry/FMenus in 591.2 μs
[Architectury Transformer DEBUG] Transforming from com/lunazstudios/furnies/menu/FurniCrafterMenu$1.class to com/lunazstudios/furnies/menu/FurniCrafterMenu$1.class with 5 transformer(s) on dev.architectury.transformer.handler.TinyRemapperPreparedTransformerHandler
[Architectury Transformer DEBUG] Found class transformer
[Architectury Transformer DEBUG] Writing com/lunazstudios/furnies/menu/FurniCrafterMenu$1 with maxs=true frames=true
[Architectury Transformer DEBUG] Transformed com/lunazstudios/furnies/menu/FurniCrafterMenu$1 in 550.1 μs
[Architectury Transformer DEBUG] Transforming from com/lunazstudios/furnies/network/FNetwork.class to com/lunazstudios/furnies/network/FNetwork.class with 5 transformer(s) on dev.architectury.transformer.handler.TinyRemapperPreparedTransformerHandler
[Architectury Transformer DEBUG] Found class transformer
[Architectury Transformer DEBUG] Writing com/lunazstudios/furnies/network/FNetwork with maxs=true frames=true
[Architectury Transformer DEBUG] Transformed com/lunazstudios/furnies/network/FNetwork in 526.5 μs
[Architectury Transformer DEBUG] Transforming from com/lunazstudios/furnies/network/message/CraftRecipeMessage.class to com/lunazstudios/furnies/network/message/CraftRecipeMessage.class with 5 transformer(s) on dev.architectury.transformer.handler.TinyRemapperPreparedTransformerHandler
[Architectury Transformer DEBUG] Found class transformer
[Architectury Transformer DEBUG] Writing com/lunazstudios/furnies/network/message/CraftRecipeMessage with maxs=true frames=true
[Architectury Transformer DEBUG] Transformed com/lunazstudios/furnies/network/message/CraftRecipeMessage in 1.272 ms
[Architectury Transformer DEBUG] Transforming from com/lunazstudios/furnies/network/message/SyncCraftableRecipesMessage.class to com/lunazstudios/furnies/network/message/SyncCraftableRecipesMessage.class with 5 transformer(s) on dev.architectury.transformer.handler.TinyRemapperPreparedTransformerHandler
[Architectury Transformer DEBUG] Found class transformer
[Architectury Transformer DEBUG] Writing com/lunazstudios/furnies/network/message/SyncCraftableRecipesMessage with maxs=true frames=true
[Architectury Transformer DEBUG] Transformed com/lunazstudios/furnies/network/message/SyncCraftableRecipesMessage in 1.298 ms
[Architectury Transformer DEBUG] Transforming from com/lunazstudios/furnies/client/FurniesClient.class to com/lunazstudios/furnies/client/FurniesClient.class with 5 transformer(s) on dev.architectury.transformer.handler.TinyRemapperPreparedTransformerHandler
[Architectury Transformer DEBUG] Found class transformer
[Architectury Transformer DEBUG] Writing com/lunazstudios/furnies/client/FurniesClient with maxs=true frames=true
[Architectury Transformer DEBUG] Transformed com/lunazstudios/furnies/client/FurniesClient in 564.4 μs
[Architectury Transformer DEBUG] Transforming from com/lunazstudios/furnies/client/renderer/entity/SeatRenderer.class to com/lunazstudios/furnies/client/renderer/entity/SeatRenderer.class with 5 transformer(s) on dev.architectury.transformer.handler.TinyRemapperPreparedTransformerHandler
[Architectury Transformer DEBUG] Found class transformer
[Architectury Transformer DEBUG] Writing com/lunazstudios/furnies/client/renderer/entity/SeatRenderer with maxs=true frames=true
[Architectury Transformer DEBUG] Transformed com/lunazstudios/furnies/client/renderer/entity/SeatRenderer in 1.052 ms
[Architectury Transformer DEBUG] Transforming from com/lunazstudios/furnies/client/screen/FurniCrafterScreen.class to com/lunazstudios/furnies/client/screen/FurniCrafterScreen.class with 5 transformer(s) on dev.architectury.transformer.handler.TinyRemapperPreparedTransformerHandler
[Architectury Transformer DEBUG] Found class transformer
[Architectury Transformer DEBUG] Writing com/lunazstudios/furnies/client/screen/FurniCrafterScreen with maxs=true frames=true
[Architectury Transformer DEBUG] Transformed com/lunazstudios/furnies/client/screen/FurniCrafterScreen in 2.707 ms
[Architectury Transformer DEBUG] Transforming from com/lunazstudios/furnies/block/FreezerBlock$1.class to com/lunazstudios/furnies/block/FreezerBlock$1.class with 5 transformer(s) on dev.architectury.transformer.handler.TinyRemapperPreparedTransformerHandler
[Architectury Transformer DEBUG] Found class transformer
[Architectury Transformer DEBUG] Writing com/lunazstudios/furnies/block/FreezerBlock$1 with maxs=true frames=true
[Architectury Transformer DEBUG] Transformed com/lunazstudios/furnies/block/FreezerBlock$1 in 961.8 μs
[Architectury Transformer DEBUG] Transforming from com/lunazstudios/furnies/block/FridgeBlock$1.class to com/lunazstudios/furnies/block/FridgeBlock$1.class with 5 transformer(s) on dev.architectury.transformer.handler.TinyRemapperPreparedTransformerHandler
[Architectury Transformer DEBUG] Found class transformer
[Architectury Transformer DEBUG] Writing com/lunazstudios/furnies/block/FridgeBlock$1 with maxs=true frames=true
[Architectury Transformer DEBUG] Transformed com/lunazstudios/furnies/block/FridgeBlock$1 in 420.9 μs
[Architectury Transformer DEBUG] Transforming from com/lunazstudios/furnies/block/SofaBlock$1.class to com/lunazstudios/furnies/block/SofaBlock$1.class with 5 transformer(s) on dev.architectury.transformer.handler.TinyRemapperPreparedTransformerHandler
[Architectury Transformer DEBUG] Found class transformer
[Architectury Transformer DEBUG] Writing com/lunazstudios/furnies/block/SofaBlock$1 with maxs=true frames=true
[Architectury Transformer DEBUG] Transformed com/lunazstudios/furnies/block/SofaBlock$1 in 370.8 μs
[Architectury Transformer DEBUG] Transforming from com/lunazstudios/furnies/block/SupportBlock$1.class to com/lunazstudios/furnies/block/SupportBlock$1.class with 5 transformer(s) on dev.architectury.transformer.handler.TinyRemapperPreparedTransformerHandler
[Architectury Transformer DEBUG] Found class transformer
[Architectury Transformer DEBUG] Writing com/lunazstudios/furnies/block/SupportBlock$1 with maxs=true frames=true
[Architectury Transformer DEBUG] Transformed com/lunazstudios/furnies/block/SupportBlock$1 in 426.3 μs
[Architectury Transformer DEBUG] Transforming from com/lunazstudios/furnies/block/LampBlock$1.class to com/lunazstudios/furnies/block/LampBlock$1.class with 5 transformer(s) on dev.architectury.transformer.handler.TinyRemapperPreparedTransformerHandler
[Architectury Transformer DEBUG] Found class transformer
[Architectury Transformer DEBUG] Writing com/lunazstudios/furnies/block/LampBlock$1 with maxs=true frames=true
[Architectury Transformer DEBUG] Transformed com/lunazstudios/furnies/block/LampBlock$1 in 545.8 μs
[Architectury Transformer DEBUG] Transforming from com/lunazstudios/furnies/block/CabinetBlock$1.class to com/lunazstudios/furnies/block/CabinetBlock$1.class with 5 transformer(s) on dev.architectury.transformer.handler.TinyRemapperPreparedTransformerHandler
[Architectury Transformer DEBUG] Found class transformer
[Architectury Transformer DEBUG] Writing com/lunazstudios/furnies/block/CabinetBlock$1 with maxs=true frames=true
[Architectury Transformer DEBUG] Transformed com/lunazstudios/furnies/block/CabinetBlock$1 in 369.2 μs
[Architectury Transformer DEBUG] Transforming from com/lunazstudios/furnies/block/BarCounterBlock$1.class to com/lunazstudios/furnies/block/BarCounterBlock$1.class with 5 transformer(s) on dev.architectury.transformer.handler.TinyRemapperPreparedTransformerHandler
[Architectury Transformer DEBUG] Found class transformer
[Architectury Transformer DEBUG] Writing com/lunazstudios/furnies/block/BarCounterBlock$1 with maxs=true frames=true
[Architectury Transformer DEBUG] Transformed com/lunazstudios/furnies/block/BarCounterBlock$1 in 619.2 μs
[Architectury Transformer DEBUG] Transforming from com/lunazstudios/furnies/block/KitchenCabinetBlock$1.class to com/lunazstudios/furnies/block/KitchenCabinetBlock$1.class with 5 transformer(s) on dev.architectury.transformer.handler.TinyRemapperPreparedTransformerHandler
[Architectury Transformer DEBUG] Found class transformer
[Architectury Transformer DEBUG] Writing com/lunazstudios/furnies/block/KitchenCabinetBlock$1 with maxs=true frames=true
[Architectury Transformer DEBUG] Transformed com/lunazstudios/furnies/block/KitchenCabinetBlock$1 in 583.2 μs
[Architectury Transformer DEBUG] Transforming from com/lunazstudios/furnies/block/KitchenDrawerBlock$1.class to com/lunazstudios/furnies/block/KitchenDrawerBlock$1.class with 5 transformer(s) on dev.architectury.transformer.handler.TinyRemapperPreparedTransformerHandler
[Architectury Transformer DEBUG] Found class transformer
[Architectury Transformer DEBUG] Writing com/lunazstudios/furnies/block/KitchenDrawerBlock$1 with maxs=true frames=true
[Architectury Transformer DEBUG] Transformed com/lunazstudios/furnies/block/KitchenDrawerBlock$1 in 399.8 μs
[Architectury Transformer DEBUG] Transforming from com/lunazstudios/furnies/block/KitchenCabinetryBlock$1.class to com/lunazstudios/furnies/block/KitchenCabinetryBlock$1.class with 5 transformer(s) on dev.architectury.transformer.handler.TinyRemapperPreparedTransformerHandler
[Architectury Transformer DEBUG] Found class transformer
[Architectury Transformer DEBUG] Writing com/lunazstudios/furnies/block/KitchenCabinetryBlock$1 with maxs=true frames=true
[Architectury Transformer DEBUG] Transformed com/lunazstudios/furnies/block/KitchenCabinetryBlock$1 in 403.7 μs
[Architectury Transformer DEBUG] Transforming from com/lunazstudios/furnies/client/screen/ClientFurnicrafterRecipeTooltip.class to com/lunazstudios/furnies/client/screen/ClientFurnicrafterRecipeTooltip.class with 5 transformer(s) on dev.architectury.transformer.handler.TinyRemapperPreparedTransformerHandler
[Architectury Transformer DEBUG] Found class transformer
[Architectury Transformer DEBUG] Writing com/lunazstudios/furnies/client/screen/ClientFurnicrafterRecipeTooltip with maxs=true frames=true
[Architectury Transformer DEBUG] Transformed com/lunazstudios/furnies/client/screen/ClientFurnicrafterRecipeTooltip in 1.048 ms
